#
# A fatal error has been detected by the Java Runtime Environment:
#
#  SIGBUS (0x7) at pc=0x00007ff84a2b6f72, pid=4678, tid=140704427763456
#
# JRE version: OpenJDK Runtime Environment (7.0_55-b14) (build 1.7.0_55-b14)
# Java VM: OpenJDK 64-Bit Server VM (24.51-b03 mixed mode linux-amd64 compressed oops)
# Problematic frame:
# C  [libzip.so+0x4f72]  Java_java_util_zip_ZipFile_getZipMessage+0x1132
#
# Failed to write core dump. Core dumps have been disabled. To enable core dumping, try "ulimit -c unlimited" before starting Java again
#
# If you would like to submit a bug report, please include
# instructions on how to reproduce the bug and visit:
#   http://icedtea.classpath.org/bugzilla
# The crash happened outside the Java Virtual Machine in native code.
# See problematic frame for where to report the bug.
#

---------------  T H R E A D  ---------------

Current thread (0x00007ff84400c800):  JavaThread "main" [_thread_in_native, id=4683, stack(0x00007ff84d5f6000,0x00007ff84d6f7000)]

siginfo:si_signo=SIGBUS: si_errno=0, si_code=2 (BUS_ADRERR), si_addr=0x00007ff83e5d11c1

Registers:
RAX=0x00007ff844450540, RBX=0x00007ff844450540, RCX=0x00007ff844000040, RDX=0x00007ff844000020
RSP=0x00007ff84d6f4230, RBP=0x00007ff84d6f4280, RSI=0x00007ff844000038, RDI=0x0000000000000003
R8 =0x00007ff844781280, R9 =0x000000000000004d, R10=0x00007ff841079238, R11=0x000000000000000c
R12=0x00007ff844259960, R13=0x00007ff83e5d11a4, R14=0x00007ff84d6f42f0, R15=0x000000000000004d
RIP=0x00007ff84a2b6f72, EFLAGS=0x0000000000010202, CSGSFS=0x0000000000000033, ERR=0x0000000000000004
  TRAPNO=0x000000000000000e

Top of Stack: (sp=0x00007ff84d6f4230)
0x00007ff84d6f4230:   00007ff84d6f46e0 000000004c297dd9
0x00007ff84d6f4240:   00007ff84400c800 00007ff84d6f42f0
0x00007ff84d6f4250:   00007ff844259960 00007ff844259b60
0x00007ff84d6f4260:   00007ff844259960 000000005e106fb5
0x00007ff84d6f4270:   00007ff84d6f42f0 000000000000004d
0x00007ff84d6f4280:   00007ff84d6f42d0 00007ff84a2b7d7f
0x00007ff84d6f4290:   00007ff84400c800 00007ff844259c30
0x00007ff84d6f42a0:   00007ff84d6f42d0 00007ff84d6f42f0
0x00007ff84d6f42b0:   00007ff84400c9d8 000000000000004d
0x00007ff84d6f42c0:   00007ff84d6f4748 00007ff84d6f42f0
0x00007ff84d6f42d0:   00007ff84d6f4730 00007ff84a2b5904
0x00007ff84d6f42e0:   01007ff84d6f4420 00007ff844259960
0x00007ff84d6f42f0:   6d79786f2f6d6f63 632f6c6163696465
0x00007ff84d6f4300:   746e656e6f706d6f 6374726f706d692f
0x00007ff84d6f4310:   746e656e6f706d6f 6372756f7365722f
0x00007ff84d6f4320:   74726f706d695f65 6169726574614d2f
0x00007ff84d6f4330:   2e72657473614d6c 0000007373616c63
0x00007ff84d6f4340:   00000000f0514c88 0000000000000000
0x00007ff84d6f4350:   00007ff800000000 00007ff84a2b76a8
0x00007ff84d6f4360:   786f2f6500000000 6d6f742f746e6579
0x00007ff84d6f4370:   2f62696cbac5f818 65637275ba0101a8
0x00007ff84d6f4380:   2e74726fbaffe488 00007ff84d6f4338
0x00007ff84d6f4390:   00007ff84d6f4379 0000000800000002
0x00007ff84d6f43a0:   ffffffffffffff00 0000000000000000
0x00007ff84d6f43b0:   00007ff84c8848d0 00007ff84983c7c0
0x00007ff84d6f43c0:   0000000000000000 0000000000000000
0x00007ff84d6f43d0:   0000000000000000 00007ff84400c800
0x00007ff84d6f43e0:   00007ff84400d4a0 00007ff84983c7c1
0x00007ff84d6f43f0:   00007ff84d6f4420 0000000000000000
0x00007ff84d6f4400:   00007ff84400c800 00007ff8440887c0
0x00007ff84d6f4410:   00007ff8440887c8 00007ff8440887c8
0x00007ff84d6f4420:   00007ff84d6f45c0 00007ff84c118061 

Instructions: (pc=0x00007ff84a2b6f72)
0x00007ff84a2b6f52:   41 8b 74 24 48 b9 a0 00 00 00 49 8b 7c 24 10 e8
0x00007ff84a2b6f62:   8a fe ff ff 49 89 c5 4d 85 ed 0f 84 7e 03 00 00
0x00007ff84a2b6f72:   41 0f b6 55 1d 41 0f b6 45 1c 41 0f b6 4d 0d 41
0x00007ff84a2b6f82:   0f b6 75 0e 45 0f b6 7d 1f c1 e2 08 09 c2 41 0f 

Register to memory mapping:

RAX=0x00007ff844450540 is an unknown value
RBX=0x00007ff844450540 is an unknown value
RCX=0x00007ff844000040 is an unknown value
RDX=0x00007ff844000020 is an unknown value
RSP=0x00007ff84d6f4230 is pointing into the stack for thread: 0x00007ff84400c800
RBP=0x00007ff84d6f4280 is pointing into the stack for thread: 0x00007ff84400c800
RSI=0x00007ff844000038 is an unknown value
RDI=0x0000000000000003 is an unknown value
R8 =0x00007ff844781280 is an unknown value
R9 =0x000000000000004d is an unknown value
R10=0x00007ff841079238 is at entry_point+88 in (nmethod*)0x00007ff841079050
R11=0x000000000000000c is an unknown value
R12=0x00007ff844259960 is an unknown value
R13=0x00007ff83e5d11a4 is an unknown value
R14=0x00007ff84d6f42f0 is pointing into the stack for thread: 0x00007ff84400c800
R15=0x000000000000004d is an unknown value


Stack: [0x00007ff84d5f6000,0x00007ff84d6f7000],  sp=0x00007ff84d6f4230,  free space=1016k
Native frames: (J=compiled Java code, j=interpreted, Vv=VM code, C=native code)
C  [libzip.so+0x4f72]  Java_java_util_zip_ZipFile_getZipMessage+0x1132
C  [libzip.so+0x5d7f]  ZIP_GetEntry+0xcf
C  [libzip.so+0x3904]  Java_java_util_zip_ZipFile_getEntry+0xb4
J  java.util.zip.ZipFile.getEntry(J[BZ)J

Java frames: (J=compiled Java code, j=interpreted, Vv=VM code)
J  java.util.zip.ZipFile.getEntry(J[BZ)J
J  java.util.jar.JarFile.getEntry(Ljava/lang/String;)Ljava/util/zip/ZipEntry;
J  sun.misc.URLClassPath$JarLoader.getResource(Ljava/lang/String;Z)Lsun/misc/Resource;
j  sun.misc.URLClassPath.getResource(Ljava/lang/String;Z)Lsun/misc/Resource;+53
j  java.net.URLClassLoader$1.run()Ljava/lang/Class;+26
j  java.net.URLClassLoader$1.run()Ljava/lang/Object;+1
v  ~StubRoutines::call_stub
j  java.security.AccessController.doPrivileged(Ljava/security/PrivilegedExceptionAction;Ljava/security/AccessControlContext;)Ljava/lang/Object;+0
j  java.net.URLClassLoader.findClass(Ljava/lang/String;)Ljava/lang/Class;+13
j  java.lang.ClassLoader.loadClass(Ljava/lang/String;Z)Ljava/lang/Class;+70
j  sun.misc.Launcher$AppClassLoader.loadClass(Ljava/lang/String;Z)Ljava/lang/Class;+36
j  java.lang.ClassLoader.loadClass(Ljava/lang/String;Z)Ljava/lang/Class;+38
j  java.lang.ClassLoader.loadClass(Ljava/lang/String;)Ljava/lang/Class;+3
j  com.oxymedical.component.db.DatabaseSetUpUtilities.loadResourcesJarInLoader(Ljava/lang/String;Ljava/lang/String;Ljava/net/URLClassLoader;)Ljava/net/URLClassLoader;+252
j  com.oxymedical.component.db.DBComponent.loadResourcesJarInLoader(Ljava/lang/String;Ljava/lang/String;)Ljava/net/URLClassLoader;+11
j  com.oxymedical.component.importcomponent.db.DatabaseConnect.readMapping(Lcom/oxymedical/component/importcomponent/parser/ConfigData;Lcom/oxymedical/component/db/DBComponent;)V+38
j  com.oxymedical.component.importcomponent.ImportComponent.readConfigurations(Ljava/lang/String;)V+32
j  com.oxymedical.component.importcomponent.ImportComponent.importCSV(Ljava/lang/String;Ljava/lang/String;Ljava/lang/String;)V+48
j  com.oxyent.component.datalyticxComponent.DataLyticxEngineComponent.initializeImport()V+53
j  com.oxyent.component.datalyticxComponent.DataLyticxEngineComponent.main([Ljava/lang/String;)V+20
v  ~StubRoutines::call_stub

---------------  P R O C E S S  ---------------

Java Threads: ( => current thread )
  0x00007ff8445b8000 JavaThread "MySQL Statement Cancellation Timer" daemon [_thread_blocked, id=4697, stack(0x00007ff83cd3f000,0x00007ff83ce40000)]
  0x00007ff8440a8000 JavaThread "Service Thread" daemon [_thread_blocked, id=4695, stack(0x00007ff83e8ec000,0x00007ff83e9ed000)]
  0x00007ff8440a6000 JavaThread "C2 CompilerThread1" daemon [_thread_blocked, id=4694, stack(0x00007ff83e9ed000,0x00007ff83eaee000)]
  0x00007ff8440a3000 JavaThread "C2 CompilerThread0" daemon [_thread_blocked, id=4693, stack(0x00007ff83eaee000,0x00007ff83ebef000)]
  0x00007ff8440a1000 JavaThread "Signal Dispatcher" daemon [_thread_blocked, id=4692, stack(0x00007ff83ebef000,0x00007ff83ecf0000)]
  0x00007ff84407e000 JavaThread "Finalizer" daemon [_thread_blocked, id=4690, stack(0x00007ff848312000,0x00007ff848413000)]
  0x00007ff84407c000 JavaThread "Reference Handler" daemon [_thread_blocked, id=4689, stack(0x00007ff848413000,0x00007ff848514000)]
=>0x00007ff84400c800 JavaThread "main" [_thread_in_native, id=4683, stack(0x00007ff84d5f6000,0x00007ff84d6f7000)]

Other Threads:
  0x00007ff844078000 VMThread [stack: 0x00007ff848514000,0x00007ff848615000] [id=4688]
  0x00007ff8440bb000 WatcherThread [stack: 0x00007ff83e7eb000,0x00007ff83e8ec000] [id=4696]

VM state:not at safepoint (normal execution)

VM Mutex/Monitor currently owned by a thread: None

Heap
 PSYoungGen      total 67584K, used 62638K [0x00000000ec100000, 0x00000000f0b00000, 0x0000000100000000)
  eden space 60928K, 94% used [0x00000000ec100000,0x00000000ef8fb578,0x00000000efc80000)
  from space 6656K, 79% used [0x00000000f0380000,0x00000000f08b0588,0x00000000f0a00000)
  to   space 7168K, 0% used [0x00000000efc80000,0x00000000efc80000,0x00000000f0380000)
 ParOldGen       total 40448K, used 6199K [0x00000000c4400000, 0x00000000c6b80000, 0x00000000ec100000)
  object space 40448K, 15% used [0x00000000c4400000,0x00000000c4a0dee0,0x00000000c6b80000)
 PSPermGen       total 22528K, used 22326K [0x00000000b9e00000, 0x00000000bb400000, 0x00000000c4400000)
  object space 22528K, 99% used [0x00000000b9e00000,0x00000000bb3cd9d0,0x00000000bb400000)

Card table byte_map: [0x00007ff84a080000,0x00007ff84a2b2000] byte_map_base: 0x00007ff849ab1000

Polling page: 0x00007ff84d714000

Code Cache  [0x00007ff841000000, 0x00007ff841270000, 0x00007ff844000000)
 total_blobs=630 nmethods=305 adapters=278 free_code_cache=47855Kb largest_free_block=48970560

Compilation events (10 events):
Event: 3.788 Thread 0x00007ff8440a6000  305             com.sun.tools.javac.code.Scope::getIndex (101 bytes)
Event: 3.791 Thread 0x00007ff8440a6000 nmethod 305 0x00007ff841129390 code [0x00007ff8411294e0, 0x00007ff841129658]
Event: 3.791 Thread 0x00007ff8440a6000  306             com.sun.tools.javac.util.List::prependList (87 bytes)
Event: 3.798 Thread 0x00007ff8440a6000 nmethod 306 0x00007ff841134850 code [0x00007ff8411349e0, 0x00007ff841134d08]
Event: 3.849 Thread 0x00007ff8440a3000  308             com.sun.tools.javac.jvm.ClassFile::externalize (51 bytes)
Event: 3.850 Thread 0x00007ff8440a6000  309             com.sun.tools.javac.util.SharedNameTable$NameImpl::hashCode (5 bytes)
Event: 3.851 Thread 0x00007ff8440a6000 nmethod 309 0x00007ff8411343d0 code [0x00007ff841134500, 0x00007ff841134558]
Event: 3.854 Thread 0x00007ff8440a3000 nmethod 308 0x00007ff841133e90 code [0x00007ff841133fe0, 0x00007ff841134298]
Event: 4.002 Thread 0x00007ff8440a6000  310   !         sun.nio.cs.ISO_8859_1$Decoder::decodeArrayLoop (263 bytes)
Event: 4.014 Thread 0x00007ff8440a6000 nmethod 310 0x00007ff841144d10 code [0x00007ff841144ea0, 0x00007ff841145398]

GC Heap History (10 events):
Event: 0.791 GC heap before
{Heap before GC invocations=2 (full 0):
 PSYoungGen      total 17920K, used 17687K [0x00000000ec100000, 0x00000000ed500000, 0x0000000100000000)
  eden space 15360K, 100% used [0x00000000ec100000,0x00000000ed000000,0x00000000ed000000)
  from space 2560K, 90% used [0x00000000ed000000,0x00000000ed245cb8,0x00000000ed280000)
  to   space 2560K, 0% used [0x00000000ed280000,0x00000000ed280000,0x00000000ed500000)
 ParOldGen       total 40448K, used 8K [0x00000000c4400000, 0x00000000c6b80000, 0x00000000ec100000)
  object space 40448K, 0% used [0x00000000c4400000,0x00000000c4402000,0x00000000c6b80000)
 PSPermGen       total 21504K, used 9234K [0x00000000b9e00000, 0x00000000bb300000, 0x00000000c4400000)
  object space 21504K, 42% used [0x00000000b9e00000,0x00000000ba704a70,0x00000000bb300000)
Event: 0.796 GC heap after
Heap after GC invocations=2 (full 0):
 PSYoungGen      total 17920K, used 2556K [0x00000000ec100000, 0x00000000ee400000, 0x0000000100000000)
  eden space 15360K, 0% used [0x00000000ec100000,0x00000000ec100000,0x00000000ed000000)
  from space 2560K, 99% used [0x00000000ed280000,0x00000000ed4ff188,0x00000000ed500000)
  to   space 2560K, 0% used [0x00000000ed000000,0x00000000ed000000,0x00000000ed280000)
 ParOldGen       total 40448K, used 176K [0x00000000c4400000, 0x00000000c6b80000, 0x00000000ec100000)
  object space 40448K, 0% used [0x00000000c4400000,0x00000000c442c198,0x00000000c6b80000)
 PSPermGen       total 21504K, used 9234K [0x00000000b9e00000, 0x00000000bb300000, 0x00000000c4400000)
  object space 21504K, 42% used [0x00000000b9e00000,0x00000000ba704a70,0x00000000bb300000)
}
Event: 1.139 GC heap before
{Heap before GC invocations=3 (full 0):
 PSYoungGen      total 17920K, used 17916K [0x00000000ec100000, 0x00000000ee400000, 0x0000000100000000)
  eden space 15360K, 100% used [0x00000000ec100000,0x00000000ed000000,0x00000000ed000000)
  from space 2560K, 99% used [0x00000000ed280000,0x00000000ed4ff188,0x00000000ed500000)
  to   space 2560K, 0% used [0x00000000ed000000,0x00000000ed000000,0x00000000ed280000)
 ParOldGen       total 40448K, used 176K [0x00000000c4400000, 0x00000000c6b80000, 0x00000000ec100000)
  object space 40448K, 0% used [0x00000000c4400000,0x00000000c442c198,0x00000000c6b80000)
 PSPermGen       total 21504K, used 12598K [0x00000000b9e00000, 0x00000000bb300000, 0x00000000c4400000)
  object space 21504K, 58% used [0x00000000b9e00000,0x00000000baa4dbd0,0x00000000bb300000)
Event: 1.145 GC heap after
Heap after GC invocations=3 (full 0):
 PSYoungGen      total 17920K, used 2528K [0x00000000ec100000, 0x00000000ee400000, 0x0000000100000000)
  eden space 15360K, 0% used [0x00000000ec100000,0x00000000ec100000,0x00000000ed000000)
  from space 2560K, 98% used [0x00000000ed000000,0x00000000ed278050,0x00000000ed280000)
  to   space 2560K, 0% used [0x00000000ee180000,0x00000000ee180000,0x00000000ee400000)
 ParOldGen       total 40448K, used 989K [0x00000000c4400000, 0x00000000c6b80000, 0x00000000ec100000)
  object space 40448K, 2% used [0x00000000c4400000,0x00000000c44f77e0,0x00000000c6b80000)
 PSPermGen       total 21504K, used 12598K [0x00000000b9e00000, 0x00000000bb300000, 0x00000000c4400000)
  object space 21504K, 58% used [0x00000000b9e00000,0x00000000baa4dbd0,0x00000000bb300000)
}
Event: 1.368 GC heap before
{Heap before GC invocations=4 (full 0):
 PSYoungGen      total 17920K, used 17878K [0x00000000ec100000, 0x00000000ee400000, 0x0000000100000000)
  eden space 15360K, 99% used [0x00000000ec100000,0x00000000ecffd8a0,0x00000000ed000000)
  from space 2560K, 98% used [0x00000000ed000000,0x00000000ed278050,0x00000000ed280000)
  to   space 2560K, 0% used [0x00000000ee180000,0x00000000ee180000,0x00000000ee400000)
 ParOldGen       total 40448K, used 989K [0x00000000c4400000, 0x00000000c6b80000, 0x00000000ec100000)
  object space 40448K, 2% used [0x00000000c4400000,0x00000000c44f77e0,0x00000000c6b80000)
 PSPermGen       total 21504K, used 13547K [0x00000000b9e00000, 0x00000000bb300000, 0x00000000c4400000)
  object space 21504K, 62% used [0x00000000b9e00000,0x00000000bab3ad70,0x00000000bb300000)
Event: 1.376 GC heap after
Heap after GC invocations=4 (full 0):
 PSYoungGen      total 33280K, used 2528K [0x00000000ec100000, 0x00000000ee400000, 0x0000000100000000)
  eden space 30720K, 0% used [0x00000000ec100000,0x00000000ec100000,0x00000000edf00000)
  from space 2560K, 98% used [0x00000000ee180000,0x00000000ee3f8110,0x00000000ee400000)
  to   space 2560K, 0% used [0x00000000edf00000,0x00000000edf00000,0x00000000ee180000)
 ParOldGen       total 40448K, used 2053K [0x00000000c4400000, 0x00000000c6b80000, 0x00000000ec100000)
  object space 40448K, 5% used [0x00000000c4400000,0x00000000c4601660,0x00000000c6b80000)
 PSPermGen       total 21504K, used 13547K [0x00000000b9e00000, 0x00000000bb300000, 0x00000000c4400000)
  object space 21504K, 62% used [0x00000000b9e00000,0x00000000bab3ad70,0x00000000bb300000)
}
Event: 1.984 GC heap before
{Heap before GC invocations=5 (full 0):
 PSYoungGen      total 33280K, used 33248K [0x00000000ec100000, 0x00000000ee400000, 0x0000000100000000)
  eden space 30720K, 100% used [0x00000000ec100000,0x00000000edf00000,0x00000000edf00000)
  from space 2560K, 98% used [0x00000000ee180000,0x00000000ee3f8110,0x00000000ee400000)
  to   space 2560K, 0% used [0x00000000edf00000,0x00000000edf00000,0x00000000ee180000)
 ParOldGen       total 40448K, used 2053K [0x00000000c4400000, 0x00000000c6b80000, 0x00000000ec100000)
  object space 40448K, 5% used [0x00000000c4400000,0x00000000c4601660,0x00000000c6b80000)
 PSPermGen       total 21504K, used 15099K [0x00000000b9e00000, 0x00000000bb300000, 0x00000000c4400000)
  object space 21504K, 70% used [0x00000000b9e00000,0x00000000bacbec48,0x00000000bb300000)
Event: 1.997 GC heap after
Heap after GC invocations=5 (full 0):
 PSYoungGen      total 33280K, used 2528K [0x00000000ec100000, 0x00000000f0a00000, 0x0000000100000000)
  eden space 30720K, 0% used [0x00000000ec100000,0x00000000ec100000,0x00000000edf00000)
  from space 2560K, 98% used [0x00000000edf00000,0x00000000ee178318,0x00000000ee180000)
  to   space 6656K, 0% used [0x00000000f0380000,0x00000000f0380000,0x00000000f0a00000)
 ParOldGen       total 40448K, used 6191K [0x00000000c4400000, 0x00000000c6b80000, 0x00000000ec100000)
  object space 40448K, 15% used [0x00000000c4400000,0x00000000c4a0bee0,0x00000000c6b80000)
 PSPermGen       total 21504K, used 15099K [0x00000000b9e00000, 0x00000000bb300000, 0x00000000c4400000)
  object space 21504K, 70% used [0x00000000b9e00000,0x00000000bacbec48,0x00000000bb300000)
}
Event: 2.567 GC heap before
{Heap before GC invocations=6 (full 0):
 PSYoungGen      total 33280K, used 33248K [0x00000000ec100000, 0x00000000f0a00000, 0x0000000100000000)
  eden space 30720K, 100% used [0x00000000ec100000,0x00000000edf00000,0x00000000edf00000)
  from space 2560K, 98% used [0x00000000edf00000,0x00000000ee178318,0x00000000ee180000)
  to   space 6656K, 0% used [0x00000000f0380000,0x00000000f0380000,0x00000000f0a00000)
 ParOldGen       total 40448K, used 6191K [0x00000000c4400000, 0x00000000c6b80000, 0x00000000ec100000)
  object space 40448K, 15% used [0x00000000c4400000,0x00000000c4a0bee0,0x00000000c6b80000)
 PSPermGen       total 21504K, used 18063K [0x00000000b9e00000, 0x00000000bb300000, 0x00000000c4400000)
  object space 21504K, 84% used [0x00000000b9e00000,0x00000000bafa3da0,0x00000000bb300000)
Event: 2.580 GC heap after
Heap after GC invocations=6 (full 0):
 PSYoungGen      total 67584K, used 5313K [0x00000000ec100000, 0x00000000f0b00000, 0x0000000100000000)
  eden space 60928K, 0% used [0x00000000ec100000,0x00000000ec100000,0x00000000efc80000)
  from space 6656K, 79% used [0x00000000f0380000,0x00000000f08b0588,0x00000000f0a00000)
  to   space 7168K, 0% used [0x00000000efc80000,0x00000000efc80000,0x00000000f0380000)
 ParOldGen       total 40448K, used 6199K [0x00000000c4400000, 0x00000000c6b80000, 0x00000000ec100000)
  object space 40448K, 15% used [0x00000000c4400000,0x00000000c4a0dee0,0x00000000c6b80000)
 PSPermGen       total 21504K, used 18063K [0x00000000b9e00000, 0x00000000bb300000, 0x00000000c4400000)
  object space 21504K, 84% used [0x00000000b9e00000,0x00000000bafa3da0,0x00000000bb300000)
}

Deoptimization events (10 events):
Event: 3.765 Thread 0x00007ff84400c800 Uncommon trap: reason=class_check action=maybe_recompile pc=0x00007ff841123554 method=com.sun.tools.javac.util.List.reverse()Lcom/sun/tools/javac/util/List; @ 11
Event: 3.790 Thread 0x00007ff84400c800 Uncommon trap: reason=class_check action=maybe_recompile pc=0x00007ff841138d50 method=com.sun.tools.javac.util.List.prependList(Lcom/sun/tools/javac/util/List;)Lcom/sun/tools/javac/util/List; @ 10
Event: 3.939 Thread 0x00007ff84400c800 Uncommon trap: reason=null_check action=make_not_entrant pc=0x00007ff84111a1c8 method=java.util.jar.Attributes.putValue(Ljava/lang/String;Ljava/lang/String;)Ljava/lang/String; @ 13
Event: 4.064 Thread 0x00007ff84400c800 Uncommon trap: reason=class_check action=maybe_recompile pc=0x00007ff84111810c method=java.util.ComparableTimSort.countRunAndMakeAscending([Ljava/lang/Object;II)I @ 36
Event: 4.065 Thread 0x00007ff84400c800 Uncommon trap: reason=class_check action=maybe_recompile pc=0x00007ff84111810c method=java.util.ComparableTimSort.countRunAndMakeAscending([Ljava/lang/Object;II)I @ 36
Event: 4.065 Thread 0x00007ff84400c800 Uncommon trap: reason=class_check action=maybe_recompile pc=0x00007ff841137f60 method=java.util.ComparableTimSort.binarySort([Ljava/lang/Object;III)V @ 40
Event: 4.070 Thread 0x00007ff84400c800 Uncommon trap: reason=class_check action=maybe_recompile pc=0x00007ff8410eedac method=java.util.Hashtable.put(Ljava/lang/Object;Ljava/lang/Object;)Ljava/lang/Object; @ 61
Event: 4.070 Thread 0x00007ff84400c800 Uncommon trap: reason=class_check action=maybe_recompile pc=0x00007ff8410eedac method=java.util.Hashtable.put(Ljava/lang/Object;Ljava/lang/Object;)Ljava/lang/Object; @ 61
Event: 4.070 Thread 0x00007ff84400c800 Uncommon trap: reason=class_check action=maybe_recompile pc=0x00007ff8410eedac method=java.util.Hashtable.put(Ljava/lang/Object;Ljava/lang/Object;)Ljava/lang/Object; @ 61
Event: 4.070 Thread 0x00007ff84400c800 Uncommon trap: reason=class_check action=maybe_recompile pc=0x00007ff8410eedac method=java.util.Hashtable.put(Ljava/lang/Object;Ljava/lang/Object;)Ljava/lang/Object; @ 61

Internal exceptions (10 events):
Event: 4.065 Thread 0x00007ff84400c800 Threw 0x00000000ef744268 at /build/buildd/openjdk-7-7u55-2.4.7/build/openjdk/hotspot/src/share/vm/prims/jvm.cpp:1244
Event: 4.066 Thread 0x00007ff84400c800 Threw 0x00000000ef751450 at /build/buildd/openjdk-7-7u55-2.4.7/build/openjdk/hotspot/src/share/vm/prims/jvm.cpp:1244
Event: 4.067 Thread 0x00007ff84400c800 Threw 0x00000000ef75a348 at /build/buildd/openjdk-7-7u55-2.4.7/build/openjdk/hotspot/src/share/vm/prims/jvm.cpp:1244
Event: 4.068 Thread 0x00007ff84400c800 Threw 0x00000000ef7692e0 at /build/buildd/openjdk-7-7u55-2.4.7/build/openjdk/hotspot/src/share/vm/prims/jvm.cpp:1244
Event: 4.069 Thread 0x00007ff84400c800 Threw 0x00000000ef770bb0 at /build/buildd/openjdk-7-7u55-2.4.7/build/openjdk/hotspot/src/share/vm/prims/jvm.cpp:1244
Event: 4.071 Thread 0x00007ff84400c800 Threw 0x00000000ef782820 at /build/buildd/openjdk-7-7u55-2.4.7/build/openjdk/hotspot/src/share/vm/prims/jvm.cpp:1244
Event: 4.072 Thread 0x00007ff84400c800 Threw 0x00000000ef78d090 at /build/buildd/openjdk-7-7u55-2.4.7/build/openjdk/hotspot/src/share/vm/prims/jvm.cpp:1244
Event: 4.072 Thread 0x00007ff84400c800 Threw 0x00000000ef797040 at /build/buildd/openjdk-7-7u55-2.4.7/build/openjdk/hotspot/src/share/vm/prims/jvm.cpp:1244
Event: 4.074 Thread 0x00007ff84400c800 Threw 0x00000000ef7a7f50 at /build/buildd/openjdk-7-7u55-2.4.7/build/openjdk/hotspot/src/share/vm/prims/jvm.cpp:1244
Event: 4.081 Thread 0x00007ff84400c800 Threw 0x00000000ef7df140 at /build/buildd/openjdk-7-7u55-2.4.7/build/openjdk/hotspot/src/share/vm/prims/jvm.cpp:1244

Events (10 events):
Event: 4.072 loading class 0x00007ff844717480
Event: 4.072 loading class 0x00007ff844717480 done
Event: 4.074 loading class 0x00007ff844354f90
Event: 4.074 loading class 0x00007ff844354f90 done
Event: 4.075 loading class 0x00007ff8100c0300
Event: 4.075 loading class 0x00007ff8100c0300 done
Event: 4.079 Executing VM operation: EnableBiasedLocking
Event: 4.079 Executing VM operation: EnableBiasedLocking done
Event: 4.081 loading class 0x00007ff8440f6040
Event: 4.081 loading class 0x00007ff8440f6040 done


Dynamic libraries:
00400000-00401000 r-xp 00000000 08:03 17442332                           /usr/lib/jvm/java-7-openjdk-amd64/jre/bin/java
00600000-00601000 r--p 00000000 08:03 17442332                           /usr/lib/jvm/java-7-openjdk-amd64/jre/bin/java
00601000-00602000 rw-p 00001000 08:03 17442332                           /usr/lib/jvm/java-7-openjdk-amd64/jre/bin/java
0204c000-0206d000 rw-p 00000000 00:00 0                                  [heap]
b9e00000-bb400000 rw-p 00000000 00:00 0 
bb400000-c4400000 rw-p 00000000 00:00 0 
c4400000-c6b80000 rw-p 00000000 00:00 0 
c6b80000-ec100000 rw-p 00000000 00:00 0 
ec100000-f0b00000 rw-p 00000000 00:00 0 
f0b00000-100000000 rw-p 00000000 00:00 0 
7ff808000000-7ff808021000 rw-p 00000000 00:00 0 
7ff808021000-7ff80c000000 ---p 00000000 00:00 0 
7ff80c000000-7ff80c021000 rw-p 00000000 00:00 0 
7ff80c021000-7ff810000000 ---p 00000000 00:00 0 
7ff810000000-7ff810886000 rw-p 00000000 00:00 0 
7ff810886000-7ff814000000 ---p 00000000 00:00 0 
7ff814000000-7ff814021000 rw-p 00000000 00:00 0 
7ff814021000-7ff818000000 ---p 00000000 00:00 0 
7ff818000000-7ff818021000 rw-p 00000000 00:00 0 
7ff818021000-7ff81c000000 ---p 00000000 00:00 0 
7ff81c000000-7ff81c7c2000 rw-p 00000000 00:00 0 
7ff81c7c2000-7ff820000000 ---p 00000000 00:00 0 
7ff820000000-7ff820021000 rw-p 00000000 00:00 0 
7ff820021000-7ff824000000 ---p 00000000 00:00 0 
7ff824000000-7ff824021000 rw-p 00000000 00:00 0 
7ff824021000-7ff828000000 ---p 00000000 00:00 0 
7ff828000000-7ff828021000 rw-p 00000000 00:00 0 
7ff828021000-7ff82c000000 ---p 00000000 00:00 0 
7ff82c000000-7ff82c021000 rw-p 00000000 00:00 0 
7ff82c021000-7ff830000000 ---p 00000000 00:00 0 
7ff830000000-7ff830021000 rw-p 00000000 00:00 0 
7ff830021000-7ff834000000 ---p 00000000 00:00 0 
7ff834000000-7ff834021000 rw-p 00000000 00:00 0 
7ff834021000-7ff838000000 ---p 00000000 00:00 0 
7ff838000000-7ff838021000 rw-p 00000000 00:00 0 
7ff838021000-7ff83c000000 ---p 00000000 00:00 0 
7ff83cd3f000-7ff83cd42000 ---p 00000000 00:00 0 
7ff83cd42000-7ff83ce40000 rw-p 00000000 00:00 0 
7ff83ce40000-7ff83ce7c000 r-xp 00000000 08:03 8392253                    /lib/x86_64-linux-gnu/libpcre.so.3.12.1
7ff83ce7c000-7ff83d07b000 ---p 0003c000 08:03 8392253                    /lib/x86_64-linux-gnu/libpcre.so.3.12.1
7ff83d07b000-7ff83d07c000 r--p 0003b000 08:03 8392253                    /lib/x86_64-linux-gnu/libpcre.so.3.12.1
7ff83d07c000-7ff83d07d000 rw-p 0003c000 08:03 8392253                    /lib/x86_64-linux-gnu/libpcre.so.3.12.1
7ff83d07d000-7ff83d084000 r-xp 00000000 08:03 17441229                   /usr/lib/x86_64-linux-gnu/libffi.so.6.0.0
7ff83d084000-7ff83d283000 ---p 00007000 08:03 17441229                   /usr/lib/x86_64-linux-gnu/libffi.so.6.0.0
7ff83d283000-7ff83d284000 r--p 00006000 08:03 17441229                   /usr/lib/x86_64-linux-gnu/libffi.so.6.0.0
7ff83d284000-7ff83d285000 rw-p 00007000 08:03 17441229                   /usr/lib/x86_64-linux-gnu/libffi.so.6.0.0
7ff83d285000-7ff83d29d000 r-xp 00000000 08:03 8392952                    /lib/x86_64-linux-gnu/libresolv-2.15.so
7ff83d29d000-7ff83d49d000 ---p 00018000 08:03 8392952                    /lib/x86_64-linux-gnu/libresolv-2.15.so
7ff83d49d000-7ff83d49e000 r--p 00018000 08:03 8392952                    /lib/x86_64-linux-gnu/libresolv-2.15.so
7ff83d49e000-7ff83d49f000 rw-p 00019000 08:03 8392952                    /lib/x86_64-linux-gnu/libresolv-2.15.so
7ff83d49f000-7ff83d4a1000 rw-p 00000000 00:00 0 
7ff83d4a1000-7ff83d4be000 r-xp 00000000 08:03 8392268                    /lib/x86_64-linux-gnu/libselinux.so.1
7ff83d4be000-7ff83d6bd000 ---p 0001d000 08:03 8392268                    /lib/x86_64-linux-gnu/libselinux.so.1
7ff83d6bd000-7ff83d6be000 r--p 0001c000 08:03 8392268                    /lib/x86_64-linux-gnu/libselinux.so.1
7ff83d6be000-7ff83d6bf000 rw-p 0001d000 08:03 8392268                    /lib/x86_64-linux-gnu/libselinux.so.1
7ff83d6bf000-7ff83d6c0000 rw-p 00000000 00:00 0 
7ff83d6c0000-7ff83d6c3000 r-xp 00000000 08:03 17434669                   /usr/lib/x86_64-linux-gnu/libgmodule-2.0.so.0.3200.4
7ff83d6c3000-7ff83d8c2000 ---p 00003000 08:03 17434669                   /usr/lib/x86_64-linux-gnu/libgmodule-2.0.so.0.3200.4
7ff83d8c2000-7ff83d8c3000 r--p 00002000 08:03 17434669                   /usr/lib/x86_64-linux-gnu/libgmodule-2.0.so.0.3200.4
7ff83d8c3000-7ff83d8c4000 rw-p 00003000 08:03 17434669                   /usr/lib/x86_64-linux-gnu/libgmodule-2.0.so.0.3200.4
7ff83d8c4000-7ff83d9b6000 r-xp 00000000 08:03 8392191                    /lib/x86_64-linux-gnu/libglib-2.0.so.0.3200.4
7ff83d9b6000-7ff83dbb6000 ---p 000f2000 08:03 8392191                    /lib/x86_64-linux-gnu/libglib-2.0.so.0.3200.4
7ff83dbb6000-7ff83dbb7000 r--p 000f2000 08:03 8392191                    /lib/x86_64-linux-gnu/libglib-2.0.so.0.3200.4
7ff83dbb7000-7ff83dbb8000 rw-p 000f3000 08:03 8392191                    /lib/x86_64-linux-gnu/libglib-2.0.so.0.3200.4
7ff83dbb8000-7ff83dbb9000 rw-p 00000000 00:00 0 
7ff83dbb9000-7ff83dc06000 r-xp 00000000 08:03 17434675                   /usr/lib/x86_64-linux-gnu/libgobject-2.0.so.0.3200.4
7ff83dc06000-7ff83de06000 ---p 0004d000 08:03 17434675                   /usr/lib/x86_64-linux-gnu/libgobject-2.0.so.0.3200.4
7ff83de06000-7ff83de07000 r--p 0004d000 08:03 17434675                   /usr/lib/x86_64-linux-gnu/libgobject-2.0.so.0.3200.4
7ff83de07000-7ff83de08000 rw-p 0004e000 08:03 17434675                   /usr/lib/x86_64-linux-gnu/libgobject-2.0.so.0.3200.4
7ff83de08000-7ff83df50000 r-xp 00000000 08:03 17434674                   /usr/lib/x86_64-linux-gnu/libgio-2.0.so.0.3200.4
7ff83df50000-7ff83e14f000 ---p 00148000 08:03 17434674                   /usr/lib/x86_64-linux-gnu/libgio-2.0.so.0.3200.4
7ff83e14f000-7ff83e153000 r--p 00147000 08:03 17434674                   /usr/lib/x86_64-linux-gnu/libgio-2.0.so.0.3200.4
7ff83e153000-7ff83e155000 rw-p 0014b000 08:03 17434674                   /usr/lib/x86_64-linux-gnu/libgio-2.0.so.0.3200.4
7ff83e155000-7ff83e157000 rw-p 00000000 00:00 0 
7ff83e16e000-7ff83e16f000 rw-p 00000000 00:00 0 
7ff83e16f000-7ff83e170000 r--s 00001000 08:03 27263275                   /home/oxyent/tomcat/lib/resource_import.jar
7ff83e170000-7ff83e186000 r-xp 00000000 08:03 17702023                   /usr/lib/jvm/java-7-openjdk-amd64/jre/lib/amd64/libnet.so
7ff83e186000-7ff83e386000 ---p 00016000 08:03 17702023                   /usr/lib/jvm/java-7-openjdk-amd64/jre/lib/amd64/libnet.so
7ff83e386000-7ff83e387000 r--p 00016000 08:03 17702023                   /usr/lib/jvm/java-7-openjdk-amd64/jre/lib/amd64/libnet.so
7ff83e387000-7ff83e388000 rw-p 00017000 08:03 17702023                   /usr/lib/jvm/java-7-openjdk-amd64/jre/lib/amd64/libnet.so
7ff83e388000-7ff83e398000 r-xp 00000000 08:03 17702029                   /usr/lib/jvm/java-7-openjdk-amd64/jre/lib/amd64/libnio.so
7ff83e398000-7ff83e597000 ---p 00010000 08:03 17702029                   /usr/lib/jvm/java-7-openjdk-amd64/jre/lib/amd64/libnio.so
7ff83e597000-7ff83e598000 r--p 0000f000 08:03 17702029                   /usr/lib/jvm/java-7-openjdk-amd64/jre/lib/amd64/libnio.so
7ff83e598000-7ff83e599000 rw-p 00010000 08:03 17702029                   /usr/lib/jvm/java-7-openjdk-amd64/jre/lib/amd64/libnio.so
7ff83e599000-7ff83e5a1000 r--s 00058000 08:03 27264836                   /home/oxyent/tomcat/lib/lib/velocity.jar
7ff83e5a1000-7ff83e5a4000 r--s 00012000 08:03 27264835                   /home/oxyent/tomcat/lib/lib/middlegen-hibernate-plugin-2.2-dev.jar
7ff83e5a4000-7ff83e5a6000 r--s 00004000 08:03 27264834                   /home/oxyent/tomcat/lib/lib/middlegen-adapter-plugin-2.1.jar
7ff83e5a6000-7ff83e5aa000 r--s 00024000 08:03 27264833                   /home/oxyent/tomcat/lib/lib/middlegen-2.2-dev.jar
7ff83e5aa000-7ff83e5ae000 r--s 00039000 08:03 27264832                   /home/oxyent/tomcat/lib/lib/jtidy-r8-21122004.jar
7ff83e5ae000-7ff83e5b4000 r--s 00050000 08:03 27264831                   /home/oxyent/tomcat/lib/lib/hibernate-tools.jar
7ff83e5b4000-7ff83e5c2000 r--s 000b3000 08:03 27264830                   /home/oxyent/tomcat/lib/lib/freemarker.jar
7ff83e5c2000-7ff83e5c7000 r--s 0004c000 08:03 17565294                   /usr/lib/jvm/java-7-openjdk-amd64/jre/lib/jsse.jar
7ff83e5c7000-7ff83e5d0000 r--s 000b9000 08:03 17565283                   /usr/lib/jvm/java-7-openjdk-amd64/jre/lib/resources.jar
7ff83e5d0000-7ff83e5d2000 r--s 00001000 08:03 27263275                   /home/oxyent/tomcat/lib/resource_import.jar
7ff83e5d2000-7ff83e5db000 r--s 0006f000 08:03 787383                     /home/oxyent/workspaces/bcone/DataLyticxEngineComponent/lib/log4j-1.2.17.jar
7ff83e5db000-7ff83e5dd000 r--s 00007000 08:03 27395766                   /home/oxyent/BCone/trunk/dev/src/bus/HICFrameworkServlet/lib/webserviceprovider.jar
7ff83e5dd000-7ff83e5df000 r--s 00016000 08:03 27395767                   /home/oxyent/BCone/trunk/dev/src/bus/HICFrameworkServlet/lib/servlet-api.jar
7ff83e5df000-7ff83e5e6000 r--s 0004f000 08:03 27395768                   /home/oxyent/BCone/trunk/dev/src/bus/HICFrameworkServlet/lib/log4j-1.2.11.jar
7ff83e5e6000-7ff83e5eb000 r--s 00048000 08:03 27395769                   /home/oxyent/BCone/trunk/dev/src/bus/HICFrameworkServlet/lib/dom4j-1.6.1.jar
7ff83e5eb000-7ff83e5f0000 r--s 00041000 08:03 918229                     /home/oxyent/Project DataLytix/ImportComponent/lib/commons-lang-2.6.jar
7ff83e5f0000-7ff83e611000 r--s 00206000 08:03 918231                     /home/oxyent/Project DataLytix/ImportComponent/lib/hibernate3.jar
7ff83e611000-7ff83e616000 r--s 00048000 08:03 918230                     /home/oxyent/Project DataLytix/ImportComponent/lib/dom4j-1.6.1.jar
7ff83e616000-7ff83e634000 r--s 00174000 08:03 786766                     /home/oxyent/BCone/trunk/dev/src/components/RuleComponent/lib/mahout-core-0.8.jar
7ff83e634000-7ff83e63d000 r--s 0006f000 08:03 786763                     /home/oxyent/BCone/trunk/dev/src/components/RuleComponent/lib/log4j-1.2.17.jar
7ff83e63d000-7ff83e647000 r--s 00064000 08:03 786761                     /home/oxyent/BCone/trunk/dev/src/components/RuleComponent/lib/janino.jar
7ff83e647000-7ff83e64c000 r--s 00048000 08:03 786759                     /home/oxyent/BCone/trunk/dev/src/components/RuleComponent/lib/dom4j-1.6.1.jar
7ff83e64c000-7ff83e64d000 r--s 00006000 08:03 787405                     /home/oxyent/workspaces/bcone/DataLyticxEngineComponent/lib/javacsv.jar.zip
7ff83e64d000-7ff83e652000 r--s 00048000 08:03 787132                     /home/oxyent/workspaces/bcone/DataLyticxEngineComponent/lib/dom4j-1.6.1.jar
7ff83e652000-7ff83e657000 r--s 00048000 08:03 28050680                   /home/oxyent/BCone/trunk/dev/src/components/UniqueIdGenerator/lib/dom4j-1.6.1.jar
7ff83e657000-7ff83e66a000 r--s 00128000 08:03 28180912                   /home/oxyent/BCone/trunk/dev/src/components/Framework/lib/ant.jar
7ff83e66a000-7ff83e66b000 r--s 00003000 08:03 28180903                   /home/oxyent/BCone/trunk/dev/src/components/Framework/lib/portlet.jar
7ff83e66b000-7ff83e691000 r--s 00173000 08:03 28180909                   /home/oxyent/BCone/trunk/dev/src/components/Framework/lib/portal-service.jar
7ff83e691000-7ff83e698000 r--s 00037000 08:03 28180910                   /home/oxyent/BCone/trunk/dev/src/components/Framework/lib/portal-kernel.jar
7ff83e698000-7ff83e6e7000 r--s 0090c000 08:03 28180911                   /home/oxyent/BCone/trunk/dev/src/components/Framework/lib/portal-impl.jar
7ff83e6e7000-7ff83e6ee000 r--s 00051000 08:03 28180908                   /home/oxyent/BCone/trunk/dev/src/components/Framework/lib/log4j.jar
7ff83e6ee000-7ff83e6f3000 r--s 00048000 08:03 28180907                   /home/oxyent/BCone/trunk/dev/src/components/Framework/lib/dom4j-1.6.1.jar
7ff83e6f3000-7ff83e75e000 r--s 00e22000 08:03 28050026                   /home/oxyent/BCone/trunk/dev/src/components/DBComponent/component_lib/tools.jar
7ff83e75e000-7ff83e764000 r--s 0007f000 08:03 28051230                   /home/oxyent/BCone/trunk/dev/src/components/DBComponent/component_lib/mysql-connector-java-5.0.8-bin.jar
7ff83e764000-7ff83e76b000 r--s 00051000 08:03 28050009                   /home/oxyent/BCone/trunk/dev/src/components/DBComponent/component_lib/log4j.jar
7ff83e76b000-7ff83e76f000 r--s 00039000 08:03 28050027                   /home/oxyent/BCone/trunk/dev/src/components/DBComponent/component_lib/jtidy-r8-21122004.jar
7ff83e76f000-7ff83e771000 r--s 00001000 08:03 28050007                   /home/oxyent/BCone/trunk/dev/src/components/DBComponent/component_lib/jta.jar
7ff83e771000-7ff83e792000 r--s 00206000 08:03 28050017                   /home/oxyent/BCone/trunk/dev/src/components/DBComponent/component_lib/hibernate3.jar
7ff83e792000-7ff83e798000 r--s 00050000 08:03 28050024                   /home/oxyent/BCone/trunk/dev/src/components/DBComponent/component_lib/hibernate-tools.jar
7ff83e798000-7ff83e79b000 r--s 0000e000 08:03 28050004                   /home/oxyent/BCone/trunk/dev/src/components/DBComponent/component_lib/hibernate-commons-annotations.jar
7ff83e79b000-7ff83e7a0000 r--s 00040000 08:03 28050021                   /home/oxyent/BCone/trunk/dev/src/components/DBComponent/component_lib/hibernate-annotations.jar
7ff83e7a0000-7ff83e7af000 r--s 000b8000 08:03 28050016                   /home/oxyent/BCone/trunk/dev/src/components/DBComponent/component_lib/freemarker.jar
7ff83e7af000-7ff83e7b2000 r--s 0000a000 08:03 28050003                   /home/oxyent/BCone/trunk/dev/src/components/DBComponent/component_lib/ejb3-persistence.jar
7ff83e7b2000-7ff83e7b6000 r--s 00035000 08:03 28050012                   /home/oxyent/BCone/trunk/dev/src/components/DBComponent/component_lib/ehcache.jar
7ff83e7b6000-7ff83e7bb000 r--s 00048000 08:03 28050008                   /home/oxyent/BCone/trunk/dev/src/components/DBComponent/component_lib/dom4j-1.6.1.jar
7ff83e7bb000-7ff83e7bd000 r--s 0000d000 08:03 28050025                   /home/oxyent/BCone/trunk/dev/src/components/DBComponent/component_lib/commons-logging.jar
7ff83e7bd000-7ff83e7c1000 r--s 00038000 08:03 28050020                   /home/oxyent/BCone/trunk/dev/src/components/DBComponent/component_lib/commons-lang.jar
7ff83e7c1000-7ff83e7ce000 r--s 0007f000 08:03 28050018                   /home/oxyent/BCone/trunk/dev/src/components/DBComponent/component_lib/commons-collections.jar
7ff83e7ce000-7ff83e7d4000 r--s 0003f000 08:03 28050010                   /home/oxyent/BCone/trunk/dev/src/components/DBComponent/component_lib/cglib-2.1.3.jar
7ff83e7d4000-7ff83e7d5000 r--s 00006000 08:03 28050011                   /home/oxyent/BCone/trunk/dev/src/components/DBComponent/component_lib/asm.jar
7ff83e7d5000-7ff83e7d7000 r--s 00003000 08:03 28050006                   /home/oxyent/BCone/trunk/dev/src/components/DBComponent/component_lib/asm-attrs.jar
7ff83e7d7000-7ff83e7dc000 r--s 00068000 08:03 28050023                   /home/oxyent/BCone/trunk/dev/src/components/DBComponent/component_lib/antlr-2.7.6rc1.jar
7ff83e7dc000-7ff83e7eb000 r--s 000eb000 08:03 28050014                   /home/oxyent/BCone/trunk/dev/src/components/DBComponent/component_lib/ant.jar
7ff83e7eb000-7ff83e7ec000 ---p 00000000 00:00 0 
7ff83e7ec000-7ff83e8ec000 rw-p 00000000 00:00 0 
7ff83e8ec000-7ff83e8ef000 ---p 00000000 00:00 0 
7ff83e8ef000-7ff83e9ed000 rw-p 00000000 00:00 0 
7ff83e9ed000-7ff83e9f0000 ---p 00000000 00:00 0 
7ff83e9f0000-7ff83eaee000 rw-p 00000000 00:00 0 
7ff83eaee000-7ff83eaf1000 ---p 00000000 00:00 0 
7ff83eaf1000-7ff83ebef000 rw-p 00000000 00:00 0 
7ff83ebef000-7ff83ebf2000 ---p 00000000 00:00 0 
7ff83ebf2000-7ff841000000 rw-p 00000000 00:00 0 
7ff841000000-7ff841270000 rwxp 00000000 00:00 0 
7ff841270000-7ff844aa7000 rw-p 00000000 00:00 0 
7ff844aa7000-7ff848000000 ---p 00000000 00:00 0 
7ff848000000-7ff848007000 r--s 0005f000 08:03 28050005                   /home/oxyent/BCone/trunk/dev/src/components/DBComponent/component_lib/ant-nodeps.jar
7ff848007000-7ff848008000 r--s 00002000 08:03 28050013                   /home/oxyent/BCone/trunk/dev/src/components/DBComponent/component_lib/ant-launcher.jar
7ff848008000-7ff84800f000 r--s 0004f000 08:03 27918822                   /home/oxyent/BCone/trunk/dev/src/components/Logging/lib/log4j-1.2.11.jar
7ff84800f000-7ff848015000 r--s 00060000 08:03 27918823                   /home/oxyent/BCone/trunk/dev/src/components/Logging/lib/dom4j.jar
7ff848015000-7ff84801c000 r--s 00051000 08:03 28050792                   /home/oxyent/BCone/trunk/dev/src/components/JAAP/lib/log4j.jar
7ff84801c000-7ff848021000 r--s 00048000 08:03 28050791                   /home/oxyent/BCone/trunk/dev/src/components/JAAP/lib/dom4j-1.6.1.jar
7ff848021000-7ff848044000 r--s 001c8000 08:03 27919009                   /home/oxyent/BCone/trunk/dev/src/components/Core/lib/jasperreports.jar
7ff848044000-7ff848049000 r--s 00048000 08:03 27919008                   /home/oxyent/BCone/trunk/dev/src/components/Core/lib/dom4j-1.6.1.jar
7ff848049000-7ff848312000 r--p 00000000 08:03 17440218                   /usr/lib/locale/locale-archive
7ff848312000-7ff848315000 ---p 00000000 00:00 0 
7ff848315000-7ff848413000 rw-p 00000000 00:00 0 
7ff848413000-7ff848416000 ---p 00000000 00:00 0 
7ff848416000-7ff848514000 rw-p 00000000 00:00 0 
7ff848514000-7ff848515000 ---p 00000000 00:00 0 
7ff848515000-7ff849612000 rw-p 00000000 00:00 0 
7ff849612000-7ff8497c0000 r--s 01cfc000 08:03 17565246                   /usr/lib/jvm/java-7-openjdk-amd64/jre/lib/rt.jar
7ff8497c0000-7ff849aea000 rw-p 00000000 00:00 0 
7ff849aea000-7ff849aeb000 ---p 00000000 00:00 0 
7ff849aeb000-7ff849beb000 rw-p 00000000 00:00 0 
7ff849beb000-7ff849bec000 ---p 00000000 00:00 0 
7ff849bec000-7ff849cec000 rw-p 00000000 00:00 0 
7ff849cec000-7ff849ced000 ---p 00000000 00:00 0 
7ff849ced000-7ff849ded000 rw-p 00000000 00:00 0 
7ff849ded000-7ff849dee000 ---p 00000000 00:00 0 
7ff849dee000-7ff849ef9000 rw-p 00000000 00:00 0 
7ff849ef9000-7ff849f41000 rw-p 00000000 00:00 0 
7ff849f41000-7ff849f55000 rw-p 00000000 00:00 0 
7ff849f55000-7ff84a080000 rw-p 00000000 00:00 0 
7ff84a080000-7ff84a08b000 rw-p 00000000 00:00 0 
7ff84a08b000-7ff84a0d3000 rw-p 00000000 00:00 0 
7ff84a0d3000-7ff84a0e7000 rw-p 00000000 00:00 0 
7ff84a0e7000-7ff84a211000 rw-p 00000000 00:00 0 
7ff84a211000-7ff84a237000 rw-p 00000000 00:00 0 
7ff84a237000-7ff84a2b1000 rw-p 00000000 00:00 0 
7ff84a2b1000-7ff84a2b2000 rw-p 00000000 00:00 0 
7ff84a2b2000-7ff84a2ba000 r-xp 00000000 08:03 17702018                   /usr/lib/jvm/java-7-openjdk-amd64/jre/lib/amd64/libzip.so
7ff84a2ba000-7ff84a4b9000 ---p 00008000 08:03 17702018                   /usr/lib/jvm/java-7-openjdk-amd64/jre/lib/amd64/libzip.so
7ff84a4b9000-7ff84a4ba000 r--p 00007000 08:03 17702018                   /usr/lib/jvm/java-7-openjdk-amd64/jre/lib/amd64/libzip.so
7ff84a4ba000-7ff84a4bb000 rw-p 00008000 08:03 17702018                   /usr/lib/jvm/java-7-openjdk-amd64/jre/lib/amd64/libzip.so
7ff84a4bb000-7ff84a4c7000 r-xp 00000000 08:03 8392942                    /lib/x86_64-linux-gnu/libnss_files-2.15.so
7ff84a4c7000-7ff84a6c6000 ---p 0000c000 08:03 8392942                    /lib/x86_64-linux-gnu/libnss_files-2.15.so
7ff84a6c6000-7ff84a6c7000 r--p 0000b000 08:03 8392942                    /lib/x86_64-linux-gnu/libnss_files-2.15.so
7ff84a6c7000-7ff84a6c8000 rw-p 0000c000 08:03 8392942                    /lib/x86_64-linux-gnu/libnss_files-2.15.so
7ff84a6c8000-7ff84a6d2000 r-xp 00000000 08:03 8392957                    /lib/x86_64-linux-gnu/libnss_nis-2.15.so
7ff84a6d2000-7ff84a8d2000 ---p 0000a000 08:03 8392957                    /lib/x86_64-linux-gnu/libnss_nis-2.15.so
7ff84a8d2000-7ff84a8d3000 r--p 0000a000 08:03 8392957                    /lib/x86_64-linux-gnu/libnss_nis-2.15.so
7ff84a8d3000-7ff84a8d4000 rw-p 0000b000 08:03 8392957                    /lib/x86_64-linux-gnu/libnss_nis-2.15.so
7ff84a8d4000-7ff84a8eb000 r-xp 00000000 08:03 8392959                    /lib/x86_64-linux-gnu/libnsl-2.15.so
7ff84a8eb000-7ff84aaea000 ---p 00017000 08:03 8392959                    /lib/x86_64-linux-gnu/libnsl-2.15.so
7ff84aaea000-7ff84aaeb000 r--p 00016000 08:03 8392959                    /lib/x86_64-linux-gnu/libnsl-2.15.so
7ff84aaeb000-7ff84aaec000 rw-p 00017000 08:03 8392959                    /lib/x86_64-linux-gnu/libnsl-2.15.so
7ff84aaec000-7ff84aaee000 rw-p 00000000 00:00 0 
7ff84aaee000-7ff84aaf6000 r-xp 00000000 08:03 8392960                    /lib/x86_64-linux-gnu/libnss_compat-2.15.so
7ff84aaf6000-7ff84acf5000 ---p 00008000 08:03 8392960                    /lib/x86_64-linux-gnu/libnss_compat-2.15.so
7ff84acf5000-7ff84acf6000 r--p 00007000 08:03 8392960                    /lib/x86_64-linux-gnu/libnss_compat-2.15.so
7ff84acf6000-7ff84acf7000 rw-p 00008000 08:03 8392960                    /lib/x86_64-linux-gnu/libnss_compat-2.15.so
7ff84acf7000-7ff84ad20000 r-xp 00000000 08:03 17702014                   /usr/lib/jvm/java-7-openjdk-amd64/jre/lib/amd64/libjava.so
7ff84ad20000-7ff84af1f000 ---p 00029000 08:03 17702014                   /usr/lib/jvm/java-7-openjdk-amd64/jre/lib/amd64/libjava.so
7ff84af1f000-7ff84af20000 r--p 00028000 08:03 17702014                   /usr/lib/jvm/java-7-openjdk-amd64/jre/lib/amd64/libjava.so
7ff84af20000-7ff84af22000 rw-p 00029000 08:03 17702014                   /usr/lib/jvm/java-7-openjdk-amd64/jre/lib/amd64/libjava.so
7ff84af22000-7ff84af30000 r-xp 00000000 08:03 17702042                   /usr/lib/jvm/java-7-openjdk-amd64/jre/lib/amd64/libverify.so
7ff84af30000-7ff84b12f000 ---p 0000e000 08:03 17702042                   /usr/lib/jvm/java-7-openjdk-amd64/jre/lib/amd64/libverify.so
7ff84b12f000-7ff84b131000 r--p 0000d000 08:03 17702042                   /usr/lib/jvm/java-7-openjdk-amd64/jre/lib/amd64/libverify.so
7ff84b131000-7ff84b132000 rw-p 0000f000 08:03 17702042                   /usr/lib/jvm/java-7-openjdk-amd64/jre/lib/amd64/libverify.so
7ff84b132000-7ff84b139000 r-xp 00000000 08:03 8392955                    /lib/x86_64-linux-gnu/librt-2.15.so
7ff84b139000-7ff84b338000 ---p 00007000 08:03 8392955                    /lib/x86_64-linux-gnu/librt-2.15.so
7ff84b338000-7ff84b339000 r--p 00006000 08:03 8392955                    /lib/x86_64-linux-gnu/librt-2.15.so
7ff84b339000-7ff84b33a000 rw-p 00007000 08:03 8392955                    /lib/x86_64-linux-gnu/librt-2.15.so
7ff84b33a000-7ff84b34f000 r-xp 00000000 08:03 8392201                    /lib/x86_64-linux-gnu/libgcc_s.so.1
7ff84b34f000-7ff84b54e000 ---p 00015000 08:03 8392201                    /lib/x86_64-linux-gnu/libgcc_s.so.1
7ff84b54e000-7ff84b54f000 r--p 00014000 08:03 8392201                    /lib/x86_64-linux-gnu/libgcc_s.so.1
7ff84b54f000-7ff84b550000 rw-p 00015000 08:03 8392201                    /lib/x86_64-linux-gnu/libgcc_s.so.1
7ff84b550000-7ff84b64b000 r-xp 00000000 08:03 8392961                    /lib/x86_64-linux-gnu/libm-2.15.so
7ff84b64b000-7ff84b84a000 ---p 000fb000 08:03 8392961                    /lib/x86_64-linux-gnu/libm-2.15.so
7ff84b84a000-7ff84b84b000 r--p 000fa000 08:03 8392961                    /lib/x86_64-linux-gnu/libm-2.15.so
7ff84b84b000-7ff84b84c000 rw-p 000fb000 08:03 8392961                    /lib/x86_64-linux-gnu/libm-2.15.so
7ff84b84c000-7ff84b92e000 r-xp 00000000 08:03 17441588                   /usr/lib/x86_64-linux-gnu/libstdc++.so.6.0.16
7ff84b92e000-7ff84bb2d000 ---p 000e2000 08:03 17441588                   /usr/lib/x86_64-linux-gnu/libstdc++.so.6.0.16
7ff84bb2d000-7ff84bb35000 r--p 000e1000 08:03 17441588                   /usr/lib/x86_64-linux-gnu/libstdc++.so.6.0.16
7ff84bb35000-7ff84bb37000 rw-p 000e9000 08:03 17441588                   /usr/lib/x86_64-linux-gnu/libstdc++.so.6.0.16
7ff84bb37000-7ff84bb4c000 rw-p 00000000 00:00 0 
7ff84bb4c000-7ff84c607000 r-xp 00000000 08:03 17836073                   /usr/lib/jvm/java-7-openjdk-amd64/jre/lib/amd64/server/libjvm.so
7ff84c607000-7ff84c807000 ---p 00abb000 08:03 17836073                   /usr/lib/jvm/java-7-openjdk-amd64/jre/lib/amd64/server/libjvm.so
7ff84c807000-7ff84c89f000 r--p 00abb000 08:03 17836073                   /usr/lib/jvm/java-7-openjdk-amd64/jre/lib/amd64/server/libjvm.so
7ff84c89f000-7ff84c8c2000 rw-p 00b53000 08:03 17836073                   /usr/lib/jvm/java-7-openjdk-amd64/jre/lib/amd64/server/libjvm.so
7ff84c8c2000-7ff84c8ef000 rw-p 00000000 00:00 0 
7ff84c8ef000-7ff84c905000 r-xp 00000000 08:03 8392291                    /lib/x86_64-linux-gnu/libz.so.1.2.3.4
7ff84c905000-7ff84cb04000 ---p 00016000 08:03 8392291                    /lib/x86_64-linux-gnu/libz.so.1.2.3.4
7ff84cb04000-7ff84cb05000 r--p 00015000 08:03 8392291                    /lib/x86_64-linux-gnu/libz.so.1.2.3.4
7ff84cb05000-7ff84cb06000 rw-p 00016000 08:03 8392291                    /lib/x86_64-linux-gnu/libz.so.1.2.3.4
7ff84cb06000-7ff84cb1e000 r-xp 00000000 08:03 8392947                    /lib/x86_64-linux-gnu/libpthread-2.15.so
7ff84cb1e000-7ff84cd1d000 ---p 00018000 08:03 8392947                    /lib/x86_64-linux-gnu/libpthread-2.15.so
7ff84cd1d000-7ff84cd1e000 r--p 00017000 08:03 8392947                    /lib/x86_64-linux-gnu/libpthread-2.15.so
7ff84cd1e000-7ff84cd1f000 rw-p 00018000 08:03 8392947                    /lib/x86_64-linux-gnu/libpthread-2.15.so
7ff84cd1f000-7ff84cd23000 rw-p 00000000 00:00 0 
7ff84cd23000-7ff84cd25000 r-xp 00000000 08:03 8392954                    /lib/x86_64-linux-gnu/libdl-2.15.so
7ff84cd25000-7ff84cf25000 ---p 00002000 08:03 8392954                    /lib/x86_64-linux-gnu/libdl-2.15.so
7ff84cf25000-7ff84cf26000 r--p 00002000 08:03 8392954                    /lib/x86_64-linux-gnu/libdl-2.15.so
7ff84cf26000-7ff84cf27000 rw-p 00003000 08:03 8392954                    /lib/x86_64-linux-gnu/libdl-2.15.so
7ff84cf27000-7ff84d0dc000 r-xp 00000000 08:03 8392956                    /lib/x86_64-linux-gnu/libc-2.15.so
7ff84d0dc000-7ff84d2dc000 ---p 001b5000 08:03 8392956                    /lib/x86_64-linux-gnu/libc-2.15.so
7ff84d2dc000-7ff84d2e0000 r--p 001b5000 08:03 8392956                    /lib/x86_64-linux-gnu/libc-2.15.so
7ff84d2e0000-7ff84d2e2000 rw-p 001b9000 08:03 8392956                    /lib/x86_64-linux-gnu/libc-2.15.so
7ff84d2e2000-7ff84d2e7000 rw-p 00000000 00:00 0 
7ff84d2e7000-7ff84d2f4000 r-xp 00000000 08:03 17836076                   /usr/lib/jvm/java-7-openjdk-amd64/jre/lib/amd64/jli/libjli.so
7ff84d2f4000-7ff84d4f3000 ---p 0000d000 08:03 17836076                   /usr/lib/jvm/java-7-openjdk-amd64/jre/lib/amd64/jli/libjli.so
7ff84d4f3000-7ff84d4f4000 r--p 0000c000 08:03 17836076                   /usr/lib/jvm/java-7-openjdk-amd64/jre/lib/amd64/jli/libjli.so
7ff84d4f4000-7ff84d4f5000 rw-p 0000d000 08:03 17836076                   /usr/lib/jvm/java-7-openjdk-amd64/jre/lib/amd64/jli/libjli.so
7ff84d4f5000-7ff84d517000 r-xp 00000000 08:03 8392948                    /lib/x86_64-linux-gnu/ld-2.15.so
7ff84d517000-7ff84d51c000 r--s 00048000 08:03 28181088                   /home/oxyent/BCone/trunk/dev/src/components/BaseComponent/lib/dom4j-1.6.1.jar
7ff84d51c000-7ff84d520000 r--s 00085000 08:03 17565253                   /usr/lib/jvm/java-7-openjdk-amd64/jre/lib/ext/localedata.jar
7ff84d520000-7ff84d540000 rw-p 00000000 00:00 0 
7ff84d540000-7ff84d5f6000 rw-p 00000000 00:00 0 
7ff84d5f6000-7ff84d5f9000 ---p 00000000 00:00 0 
7ff84d5f9000-7ff84d6fc000 rw-p 00000000 00:00 0 
7ff84d6fc000-7ff84d6fe000 r--s 0000f000 08:03 28050022                   /home/oxyent/BCone/trunk/dev/src/components/DBComponent/component_lib/ant-trax.jar
7ff84d6fe000-7ff84d6ff000 r--s 00002000 08:03 17565255                   /usr/lib/jvm/java-7-openjdk-amd64/jre/lib/ext/dnsns.jar
7ff84d6ff000-7ff84d701000 r--s 00012000 08:03 17565251                   /usr/lib/jvm/java-7-openjdk-amd64/jre/lib/ext/zipfs.jar
7ff84d701000-7ff84d704000 r--s 00032000 08:03 17565252                   /usr/lib/jvm/java-7-openjdk-amd64/jre/lib/ext/sunjce_provider.jar
7ff84d704000-7ff84d708000 r--s 0003b000 08:03 17565254                   /usr/lib/jvm/java-7-openjdk-amd64/jre/lib/ext/sunpkcs11.jar
7ff84d708000-7ff84d709000 r--s 00007000 08:03 17833934                   /usr/share/java/java-atk-wrapper.jar
7ff84d709000-7ff84d70b000 r--s 0000f000 08:03 17565250                   /usr/lib/jvm/java-7-openjdk-amd64/jre/lib/ext/pulse-java.jar
7ff84d70b000-7ff84d713000 rw-s 00000000 08:03 5374304                    /tmp/hsperfdata_oxyent/4678
7ff84d713000-7ff84d714000 rw-p 00000000 00:00 0 
7ff84d714000-7ff84d715000 r--p 00000000 00:00 0 
7ff84d715000-7ff84d717000 rw-p 00000000 00:00 0 
7ff84d717000-7ff84d718000 r--p 00022000 08:03 8392948                    /lib/x86_64-linux-gnu/ld-2.15.so
7ff84d718000-7ff84d71a000 rw-p 00023000 08:03 8392948                    /lib/x86_64-linux-gnu/ld-2.15.so
7fff4eddb000-7fff4edfd000 rw-p 00000000 00:00 0                          [stack]
7fff4edff000-7fff4ee00000 r-xp 00000000 00:00 0                          [vdso]
ffffffffff600000-ffffffffff601000 r-xp 00000000 00:00 0                  [vsyscall]

VM Arguments:
jvm_args: -Dfile.encoding=UTF-8 
java_command: com.oxyent.component.datalyticxComponent.DataLyticxEngineComponent
Launcher Type: SUN_STANDARD

Environment Variables:
PATH=/usr/lib/lightdm/lightdm:/usr/local/sbin:/usr/local/bin:/usr/sbin:/usr/bin:/sbin:/bin:/usr/games
LD_LIBRARY_PATH=/usr/lib/jvm/java-7-openjdk-amd64/jre/lib/amd64/server:/usr/lib/jvm/java-7-openjdk-amd64/jre/lib/amd64:/usr/lib/jvm/java-7-openjdk-amd64/jre/../lib/amd64:/usr/lib/jvm/java-6-openjdk-amd64/jre/lib/amd64/server:/usr/lib/jvm/java-6-openjdk-amd64/jre/lib/amd64:/usr/lib/jvm/java-6-openjdk-amd64/jre/../lib/amd64
SHELL=/bin/bash
DISPLAY=:0.0

Signal Handlers:
SIGSEGV: [libjvm.so+0x8f6cc0], sa_mask[0]=0x7ffbfeff, sa_flags=0x10000004
SIGBUS: [libjvm.so+0x8f6cc0], sa_mask[0]=0x7ffbfeff, sa_flags=0x10000004
SIGFPE: [libjvm.so+0x77ae40], sa_mask[0]=0x7ffbfeff, sa_flags=0x10000004
SIGPIPE: [libjvm.so+0x77ae40], sa_mask[0]=0x7ffbfeff, sa_flags=0x10000004
SIGXFSZ: [libjvm.so+0x77ae40], sa_mask[0]=0x7ffbfeff, sa_flags=0x10000004
SIGILL: [libjvm.so+0x77ae40], sa_mask[0]=0x7ffbfeff, sa_flags=0x10000004
SIGUSR1: SIG_DFL, sa_mask[0]=0x00000000, sa_flags=0x00000000
SIGUSR2: [libjvm.so+0x77afd0], sa_mask[0]=0x00000004, sa_flags=0x10000004
SIGHUP: [libjvm.so+0x77b140], sa_mask[0]=0x7ffbfeff, sa_flags=0x10000004
SIGINT: [libjvm.so+0x77b140], sa_mask[0]=0x7ffbfeff, sa_flags=0x10000004
SIGTERM: [libjvm.so+0x77b140], sa_mask[0]=0x7ffbfeff, sa_flags=0x10000004
SIGQUIT: [libjvm.so+0x77b140], sa_mask[0]=0x7ffbfeff, sa_flags=0x10000004


---------------  S Y S T E M  ---------------

OS:Ubuntu 12.04 (precise)
uname:Linux 3.2.0-67-generic #101-Ubuntu SMP Tue Jul 15 17:46:11 UTC 2014 x86_64
libc:glibc 2.15 NPTL 2.15 
rlimit: STACK 8192k, CORE 0k, NPROC 30433, NOFILE 4096, AS infinity
load average:0.87 0.51 0.38

/proc/meminfo:
MemTotal:        3913356 kB
MemFree:          149948 kB
Buffers:           19268 kB
Cached:           746036 kB
SwapCached:         4456 kB
Active:          2737636 kB
Inactive:         786980 kB
Active(anon):    2443348 kB
Inactive(anon):   595384 kB
Active(file):     294288 kB
Inactive(file):   191596 kB
Unevictable:           0 kB
Mlocked:               0 kB
SwapTotal:       3918844 kB
SwapFree:        3841436 kB
Dirty:               508 kB
Writeback:             0 kB
AnonPages:       2754696 kB
Mapped:           173112 kB
Shmem:            279524 kB
Slab:             126568 kB
SReclaimable:      89228 kB
SUnreclaim:        37340 kB
KernelStack:        6464 kB
PageTables:        34884 kB
NFS_Unstable:          0 kB
Bounce:                0 kB
WritebackTmp:          0 kB
CommitLimit:     5875520 kB
Committed_AS:    7365404 kB
VmallocTotal:   34359738367 kB
VmallocUsed:      359720 kB
VmallocChunk:   34359336848 kB
HardwareCorrupted:     0 kB
AnonHugePages:         0 kB
HugePages_Total:       0
HugePages_Free:        0
HugePages_Rsvd:        0
HugePages_Surp:        0
Hugepagesize:       2048 kB
DirectMap4k:      129024 kB
DirectMap2M:     3973120 kB


CPU:total 4 (2 cores per cpu, 2 threads per core) family 6 model 58 stepping 9, cmov, cx8, fxsr, mmx, sse, sse2, sse3, ssse3, sse4.1, sse4.2, popcnt, avx, erms, ht, tsc, tscinvbit, tscinv

/proc/cpuinfo:
processor	: 0
vendor_id	: GenuineIntel
cpu family	: 6
model		: 58
model name	: Intel(R) Core(TM) i3-3110M CPU @ 2.40GHz
stepping	: 9
microcode	: 0x15
cpu MHz		: 2400.000
cache size	: 3072 KB
physical id	: 0
siblings	: 4
core id		: 0
cpu cores	: 2
apicid		: 0
initial apicid	: 0
fpu		: yes
fpu_exception	: yes
cpuid level	: 13
wp		: yes
flags		: fpu vme de pse tsc msr pae mce cx8 apic sep mtrr pge mca cmov pat pse36 clflush dts acpi mmx fxsr sse sse2 ss ht tm pbe syscall nx rdtscp lm constant_tsc arch_perfmon pebs bts rep_good nopl xtopology nonstop_tsc aperfmperf pni pclmulqdq dtes64 monitor ds_cpl vmx est tm2 ssse3 cx16 xtpr pdcm pcid sse4_1 sse4_2 x2apic popcnt tsc_deadline_timer xsave avx f16c lahf_lm arat epb xsaveopt pln pts dtherm tpr_shadow vnmi flexpriority ept vpid fsgsbase smep erms
bogomips	: 4789.07
clflush size	: 64
cache_alignment	: 64
address sizes	: 36 bits physical, 48 bits virtual
power management:

processor	: 1
vendor_id	: GenuineIntel
cpu family	: 6
model		: 58
model name	: Intel(R) Core(TM) i3-3110M CPU @ 2.40GHz
stepping	: 9
microcode	: 0x15
cpu MHz		: 2400.000
cache size	: 3072 KB
physical id	: 0
siblings	: 4
core id		: 1
cpu cores	: 2
apicid		: 2
initial apicid	: 2
fpu		: yes
fpu_exception	: yes
cpuid level	: 13
wp		: yes
flags		: fpu vme de pse tsc msr pae mce cx8 apic sep mtrr pge mca cmov pat pse36 clflush dts acpi mmx fxsr sse sse2 ss ht tm pbe syscall nx rdtscp lm constant_tsc arch_perfmon pebs bts rep_good nopl xtopology nonstop_tsc aperfmperf pni pclmulqdq dtes64 monitor ds_cpl vmx est tm2 ssse3 cx16 xtpr pdcm pcid sse4_1 sse4_2 x2apic popcnt tsc_deadline_timer xsave avx f16c lahf_lm arat epb xsaveopt pln pts dtherm tpr_shadow vnmi flexpriority ept vpid fsgsbase smep erms
bogomips	: 4789.09
clflush size	: 64
cache_alignment	: 64
address sizes	: 36 bits physical, 48 bits virtual
power management:

processor	: 2
vendor_id	: GenuineIntel
cpu family	: 6
model		: 58
model name	: Intel(R) Core(TM) i3-3110M CPU @ 2.40GHz
stepping	: 9
microcode	: 0x15
cpu MHz		: 2400.000
cache size	: 3072 KB
physical id	: 0
siblings	: 4
core id		: 0
cpu cores	: 2
apicid		: 1
initial apicid	: 1
fpu		: yes
fpu_exception	: yes
cpuid level	: 13
wp		: yes
flags		: fpu vme de pse tsc msr pae mce cx8 apic sep mtrr pge mca cmov pat pse36 clflush dts acpi mmx fxsr sse sse2 ss ht tm pbe syscall nx rdtscp lm constant_tsc arch_perfmon pebs bts rep_good nopl xtopology nonstop_tsc aperfmperf pni pclmulqdq dtes64 monitor ds_cpl vmx est tm2 ssse3 cx16 xtpr pdcm pcid sse4_1 sse4_2 x2apic popcnt tsc_deadline_timer xsave avx f16c lahf_lm arat epb xsaveopt pln pts dtherm tpr_shadow vnmi flexpriority ept vpid fsgsbase smep erms
bogomips	: 4789.09
clflush size	: 64
cache_alignment	: 64
address sizes	: 36 bits physical, 48 bits virtual
power management:

processor	: 3
vendor_id	: GenuineIntel
cpu family	: 6
model		: 58
model name	: Intel(R) Core(TM) i3-3110M CPU @ 2.40GHz
stepping	: 9
microcode	: 0x15
cpu MHz		: 2400.000
cache size	: 3072 KB
physical id	: 0
siblings	: 4
core id		: 1
cpu cores	: 2
apicid		: 3
initial apicid	: 3
fpu		: yes
fpu_exception	: yes
cpuid level	: 13
wp		: yes
flags		: fpu vme de pse tsc msr pae mce cx8 apic sep mtrr pge mca cmov pat pse36 clflush dts acpi mmx fxsr sse sse2 ss ht tm pbe syscall nx rdtscp lm constant_tsc arch_perfmon pebs bts rep_good nopl xtopology nonstop_tsc aperfmperf pni pclmulqdq dtes64 monitor ds_cpl vmx est tm2 ssse3 cx16 xtpr pdcm pcid sse4_1 sse4_2 x2apic popcnt tsc_deadline_timer xsave avx f16c lahf_lm arat epb xsaveopt pln pts dtherm tpr_shadow vnmi flexpriority ept vpid fsgsbase smep erms
bogomips	: 4789.10
clflush size	: 64
cache_alignment	: 64
address sizes	: 36 bits physical, 48 bits virtual
power management:



Memory: 4k page, physical 3913356k(149948k free), swap 3918844k(3841436k free)

vm_info: OpenJDK 64-Bit Server VM (24.51-b03) for linux-amd64 JRE (1.7.0_55-b14), built on Apr 25 2014 13:32:38 by "buildd" with gcc 4.6.3

time: Wed Aug 27 17:33:46 2014
elapsed time: 4 seconds

