2014-08-28 18:44:58,556 - Velocimacro : autoload off : VM system will not automatically reload global library macros
2014-08-28 18:46:39,979 - Log4JLogChute initialized using file 'velocity.log'
2014-08-28 18:46:39,979 - Starting Apache Velocity v1.5 (compiled: 2007-02-22 08:52:29)
2014-08-28 18:46:39,979 - Default Properties File: org/apache/velocity/runtime/defaults/velocity.properties
2014-08-28 18:46:39,979 - Trying to use logger class middlegen.DontCloseLog4JLogSystem
2014-08-28 18:46:39,979 - Using logger class middlegen.DontCloseLog4JLogSystem
2014-08-28 18:46:39,982 - Default ResourceManager initializing. (class org.apache.velocity.runtime.resource.ResourceManagerImpl)
2014-08-28 18:46:39,990 - ResourceLoader instantiated: middlegen.KindFileResourceLoader
2014-08-28 18:46:39,992 - Do unicode file recognition:  false
2014-08-28 18:46:39,992 - FileResourceLoader : adding path '.'
2014-08-28 18:46:40,003 - ResourceCache: initialized (class org.apache.velocity.runtime.resource.ResourceCacheImpl)
2014-08-28 18:46:40,005 - Loaded System Directive: org.apache.velocity.runtime.directive.Literal
2014-08-28 18:46:40,007 - Loaded System Directive: org.apache.velocity.runtime.directive.Macro
2014-08-28 18:46:40,010 - Loaded System Directive: org.apache.velocity.runtime.directive.Parse
2014-08-28 18:46:40,013 - Loaded System Directive: org.apache.velocity.runtime.directive.Include
2014-08-28 18:46:40,016 - Loaded System Directive: org.apache.velocity.runtime.directive.Foreach
2014-08-28 18:46:40,057 - Created '20' parsers.
2014-08-28 18:46:40,068 - Velocimacro : "velocimacro.library" is not set.  Trying default library: VM_global_library.vm
2014-08-28 18:46:40,069 - KindFileResourceLoader : file loader failed to load: VM_global_library.vm
2014-08-28 18:46:40,069 - Velocimacro : adding VMs from VM library : VM_global_library.vm
2014-08-28 18:46:40,070 - KindFileResourceLoader : file loader failed to load: VM_global_library.vm
2014-08-28 18:46:40,074 - ResourceManager : found VM_global_library.vm with loader middlegen.KindFileResourceLoader
2014-08-28 18:46:40,074 - Velocimacro : allowInline = true : VMs can be defined inline in templates
2014-08-28 18:46:40,075 - Velocimacro : allowInlineToOverride = false : VMs defined inline may NOT replace previous VM definitions
2014-08-28 18:46:40,075 - Velocimacro : allowInlineLocal = false : VMs defined inline will be global in scope if allowed.
2014-08-28 18:46:40,075 - Velocimacro : autoload off : VM system will not automatically reload global library macros
2014-08-28 18:46:53,125 - Log4JLogChute initialized using file 'velocity.log'
2014-08-28 18:46:53,126 - Starting Apache Velocity v1.5 (compiled: 2007-02-22 08:52:29)
2014-08-28 18:46:53,126 - Default Properties File: org/apache/velocity/runtime/defaults/velocity.properties
2014-08-28 18:46:53,126 - Trying to use logger class middlegen.DontCloseLog4JLogSystem
2014-08-28 18:46:53,126 - Using logger class middlegen.DontCloseLog4JLogSystem
2014-08-28 18:46:53,129 - Default ResourceManager initializing. (class org.apache.velocity.runtime.resource.ResourceManagerImpl)
2014-08-28 18:46:53,137 - ResourceLoader instantiated: middlegen.KindFileResourceLoader
2014-08-28 18:46:53,139 - Do unicode file recognition:  false
2014-08-28 18:46:53,139 - FileResourceLoader : adding path '.'
2014-08-28 18:46:53,150 - ResourceCache: initialized (class org.apache.velocity.runtime.resource.ResourceCacheImpl)
2014-08-28 18:46:53,152 - Loaded System Directive: org.apache.velocity.runtime.directive.Literal
2014-08-28 18:46:53,155 - Loaded System Directive: org.apache.velocity.runtime.directive.Macro
2014-08-28 18:46:53,158 - Loaded System Directive: org.apache.velocity.runtime.directive.Parse
2014-08-28 18:46:53,162 - Loaded System Directive: org.apache.velocity.runtime.directive.Include
2014-08-28 18:46:53,165 - Loaded System Directive: org.apache.velocity.runtime.directive.Foreach
2014-08-28 18:46:53,212 - Created '20' parsers.
2014-08-28 18:46:53,227 - Velocimacro : "velocimacro.library" is not set.  Trying default library: VM_global_library.vm
2014-08-28 18:46:53,227 - KindFileResourceLoader : file loader failed to load: VM_global_library.vm
2014-08-28 18:46:53,228 - Velocimacro : adding VMs from VM library : VM_global_library.vm
2014-08-28 18:46:53,229 - KindFileResourceLoader : file loader failed to load: VM_global_library.vm
2014-08-28 18:46:53,234 - ResourceManager : found VM_global_library.vm with loader middlegen.KindFileResourceLoader
2014-08-28 18:46:53,234 - Velocimacro : allowInline = true : VMs can be defined inline in templates
2014-08-28 18:46:53,234 - Velocimacro : allowInlineToOverride = false : VMs defined inline may NOT replace previous VM definitions
2014-08-28 18:46:53,234 - Velocimacro : allowInlineLocal = false : VMs defined inline will be global in scope if allowed.
2014-08-28 18:46:53,234 - Velocimacro : autoload off : VM system will not automatically reload global library macros
2014-08-28 18:52:56,673 - Log4JLogChute initialized using file 'velocity.log'
2014-08-28 18:52:56,674 - Starting Apache Velocity v1.5 (compiled: 2007-02-22 08:52:29)
2014-08-28 18:52:56,674 - Default Properties File: org/apache/velocity/runtime/defaults/velocity.properties
2014-08-28 18:52:56,674 - Trying to use logger class middlegen.DontCloseLog4JLogSystem
2014-08-28 18:52:56,674 - Using logger class middlegen.DontCloseLog4JLogSystem
2014-08-28 18:52:56,677 - Default ResourceManager initializing. (class org.apache.velocity.runtime.resource.ResourceManagerImpl)
2014-08-28 18:52:56,684 - ResourceLoader instantiated: middlegen.KindFileResourceLoader
2014-08-28 18:52:56,686 - Do unicode file recognition:  false
2014-08-28 18:52:56,686 - FileResourceLoader : adding path '.'
2014-08-28 18:52:56,697 - ResourceCache: initialized (class org.apache.velocity.runtime.resource.ResourceCacheImpl)
2014-08-28 18:52:56,698 - Loaded System Directive: org.apache.velocity.runtime.directive.Literal
2014-08-28 18:52:56,701 - Loaded System Directive: org.apache.velocity.runtime.directive.Macro
2014-08-28 18:52:56,703 - Loaded System Directive: org.apache.velocity.runtime.directive.Parse
2014-08-28 18:52:56,705 - Loaded System Directive: org.apache.velocity.runtime.directive.Include
2014-08-28 18:52:56,706 - Loaded System Directive: org.apache.velocity.runtime.directive.Foreach
2014-08-28 18:52:56,743 - Created '20' parsers.
2014-08-28 18:52:56,755 - Velocimacro : "velocimacro.library" is not set.  Trying default library: VM_global_library.vm
2014-08-28 18:52:56,755 - KindFileResourceLoader : file loader failed to load: VM_global_library.vm
2014-08-28 18:52:56,756 - Velocimacro : adding VMs from VM library : VM_global_library.vm
2014-08-28 18:52:56,757 - KindFileResourceLoader : file loader failed to load: VM_global_library.vm
2014-08-28 18:52:56,761 - ResourceManager : found VM_global_library.vm with loader middlegen.KindFileResourceLoader
2014-08-28 18:52:56,762 - Velocimacro : allowInline = true : VMs can be defined inline in templates
2014-08-28 18:52:56,762 - Velocimacro : allowInlineToOverride = false : VMs defined inline may NOT replace previous VM definitions
2014-08-28 18:52:56,762 - Velocimacro : allowInlineLocal = false : VMs defined inline will be global in scope if allowed.
2014-08-28 18:52:56,762 - Velocimacro : autoload off : VM system will not automatically reload global library macros
2014-08-28 18:54:51,169 - Log4JLogChute initialized using file 'velocity.log'
2014-08-28 18:54:51,170 - Starting Apache Velocity v1.5 (compiled: 2007-02-22 08:52:29)
2014-08-28 18:54:51,170 - Default Properties File: org/apache/velocity/runtime/defaults/velocity.properties
2014-08-28 18:54:51,170 - Trying to use logger class middlegen.DontCloseLog4JLogSystem
2014-08-28 18:54:51,170 - Using logger class middlegen.DontCloseLog4JLogSystem
2014-08-28 18:54:51,173 - Default ResourceManager initializing. (class org.apache.velocity.runtime.resource.ResourceManagerImpl)
2014-08-28 18:54:51,181 - ResourceLoader instantiated: middlegen.KindFileResourceLoader
2014-08-28 18:54:51,183 - Do unicode file recognition:  false
2014-08-28 18:54:51,183 - FileResourceLoader : adding path '.'
2014-08-28 18:54:51,195 - ResourceCache: initialized (class org.apache.velocity.runtime.resource.ResourceCacheImpl)
2014-08-28 18:54:51,197 - Loaded System Directive: org.apache.velocity.runtime.directive.Literal
2014-08-28 18:54:51,199 - Loaded System Directive: org.apache.velocity.runtime.directive.Macro
2014-08-28 18:54:51,201 - Loaded System Directive: org.apache.velocity.runtime.directive.Parse
2014-08-28 18:54:51,204 - Loaded System Directive: org.apache.velocity.runtime.directive.Include
2014-08-28 18:54:51,206 - Loaded System Directive: org.apache.velocity.runtime.directive.Foreach
2014-08-28 18:54:51,247 - Created '20' parsers.
2014-08-28 18:54:51,259 - Velocimacro : "velocimacro.library" is not set.  Trying default library: VM_global_library.vm
2014-08-28 18:54:51,260 - KindFileResourceLoader : file loader failed to load: VM_global_library.vm
2014-08-28 18:54:51,260 - Velocimacro : adding VMs from VM library : VM_global_library.vm
2014-08-28 18:54:51,261 - KindFileResourceLoader : file loader failed to load: VM_global_library.vm
2014-08-28 18:54:51,266 - ResourceManager : found VM_global_library.vm with loader middlegen.KindFileResourceLoader
2014-08-28 18:54:51,266 - Velocimacro : allowInline = true : VMs can be defined inline in templates
2014-08-28 18:54:51,266 - Velocimacro : allowInlineToOverride = false : VMs defined inline may NOT replace previous VM definitions
2014-08-28 18:54:51,266 - Velocimacro : allowInlineLocal = false : VMs defined inline will be global in scope if allowed.
2014-08-28 18:54:51,266 - Velocimacro : autoload off : VM system will not automatically reload global library macros
2014-08-28 18:56:26,548 - Log4JLogChute initialized using file 'velocity.log'
2014-08-28 18:56:26,548 - Starting Apache Velocity v1.5 (compiled: 2007-02-22 08:52:29)
2014-08-28 18:56:26,549 - Default Properties File: org/apache/velocity/runtime/defaults/velocity.properties
2014-08-28 18:56:26,549 - Trying to use logger class middlegen.DontCloseLog4JLogSystem
2014-08-28 18:56:26,549 - Using logger class middlegen.DontCloseLog4JLogSystem
2014-08-28 18:56:26,552 - Default ResourceManager initializing. (class org.apache.velocity.runtime.resource.ResourceManagerImpl)
2014-08-28 18:56:26,560 - ResourceLoader instantiated: middlegen.KindFileResourceLoader
2014-08-28 18:56:26,562 - Do unicode file recognition:  false
2014-08-28 18:56:26,562 - FileResourceLoader : adding path '.'
2014-08-28 18:56:26,573 - ResourceCache: initialized (class org.apache.velocity.runtime.resource.ResourceCacheImpl)
2014-08-28 18:56:26,575 - Loaded System Directive: org.apache.velocity.runtime.directive.Literal
2014-08-28 18:56:26,577 - Loaded System Directive: org.apache.velocity.runtime.directive.Macro
2014-08-28 18:56:26,580 - Loaded System Directive: org.apache.velocity.runtime.directive.Parse
2014-08-28 18:56:26,582 - Loaded System Directive: org.apache.velocity.runtime.directive.Include
2014-08-28 18:56:26,584 - Loaded System Directive: org.apache.velocity.runtime.directive.Foreach
2014-08-28 18:56:26,627 - Created '20' parsers.
2014-08-28 18:56:26,639 - Velocimacro : "velocimacro.library" is not set.  Trying default library: VM_global_library.vm
2014-08-28 18:56:26,639 - KindFileResourceLoader : file loader failed to load: VM_global_library.vm
2014-08-28 18:56:26,640 - Velocimacro : adding VMs from VM library : VM_global_library.vm
2014-08-28 18:56:26,641 - KindFileResourceLoader : file loader failed to load: VM_global_library.vm
2014-08-28 18:56:26,646 - ResourceManager : found VM_global_library.vm with loader middlegen.KindFileResourceLoader
2014-08-28 18:56:26,646 - Velocimacro : allowInline = true : VMs can be defined inline in templates
2014-08-28 18:56:26,646 - Velocimacro : allowInlineToOverride = false : VMs defined inline may NOT replace previous VM definitions
2014-08-28 18:56:26,646 - Velocimacro : allowInlineLocal = false : VMs defined inline will be global in scope if allowed.
2014-08-28 18:56:26,646 - Velocimacro : autoload off : VM system will not automatically reload global library macros
2014-08-28 18:56:40,928 - Log4JLogChute initialized using file 'velocity.log'
2014-08-28 18:56:40,928 - Starting Apache Velocity v1.5 (compiled: 2007-02-22 08:52:29)
2014-08-28 18:56:40,928 - Default Properties File: org/apache/velocity/runtime/defaults/velocity.properties
2014-08-28 18:56:40,928 - Trying to use logger class middlegen.DontCloseLog4JLogSystem
2014-08-28 18:56:40,929 - Using logger class middlegen.DontCloseLog4JLogSystem
2014-08-28 18:56:40,933 - Default ResourceManager initializing. (class org.apache.velocity.runtime.resource.ResourceManagerImpl)
2014-08-28 18:56:40,942 - ResourceLoader instantiated: middlegen.KindFileResourceLoader
2014-08-28 18:56:40,944 - Do unicode file recognition:  false
2014-08-28 18:56:40,944 - FileResourceLoader : adding path '.'
2014-08-28 18:56:40,956 - ResourceCache: initialized (class org.apache.velocity.runtime.resource.ResourceCacheImpl)
2014-08-28 18:56:40,959 - Loaded System Directive: org.apache.velocity.runtime.directive.Literal
2014-08-28 18:56:40,961 - Loaded System Directive: org.apache.velocity.runtime.directive.Macro
2014-08-28 18:56:40,965 - Loaded System Directive: org.apache.velocity.runtime.directive.Parse
2014-08-28 18:56:40,969 - Loaded System Directive: org.apache.velocity.runtime.directive.Include
2014-08-28 18:56:40,971 - Loaded System Directive: org.apache.velocity.runtime.directive.Foreach
2014-08-28 18:56:41,021 - Created '20' parsers.
2014-08-28 18:56:41,033 - Velocimacro : "velocimacro.library" is not set.  Trying default library: VM_global_library.vm
2014-08-28 18:56:41,033 - KindFileResourceLoader : file loader failed to load: VM_global_library.vm
2014-08-28 18:56:41,034 - Velocimacro : adding VMs from VM library : VM_global_library.vm
2014-08-28 18:56:41,035 - KindFileResourceLoader : file loader failed to load: VM_global_library.vm
2014-08-28 18:56:41,040 - ResourceManager : found VM_global_library.vm with loader middlegen.KindFileResourceLoader
2014-08-28 18:56:41,040 - Velocimacro : allowInline = true : VMs can be defined inline in templates
2014-08-28 18:56:41,040 - Velocimacro : allowInlineToOverride = false : VMs defined inline may NOT replace previous VM definitions
2014-08-28 18:56:41,040 - Velocimacro : allowInlineLocal = false : VMs defined inline will be global in scope if allowed.
2014-08-28 18:56:41,040 - Velocimacro : autoload off : VM system will not automatically reload global library macros
2014-08-28 18:57:08,044 - Log4JLogChute initialized using file 'velocity.log'
2014-08-28 18:57:08,044 - Starting Apache Velocity v1.5 (compiled: 2007-02-22 08:52:29)
2014-08-28 18:57:08,044 - Default Properties File: org/apache/velocity/runtime/defaults/velocity.properties
2014-08-28 18:57:08,044 - Trying to use logger class middlegen.DontCloseLog4JLogSystem
2014-08-28 18:57:08,044 - Using logger class middlegen.DontCloseLog4JLogSystem
2014-08-28 18:57:08,047 - Default ResourceManager initializing. (class org.apache.velocity.runtime.resource.ResourceManagerImpl)
2014-08-28 18:57:08,055 - ResourceLoader instantiated: middlegen.KindFileResourceLoader
2014-08-28 18:57:08,058 - Do unicode file recognition:  false
2014-08-28 18:57:08,058 - FileResourceLoader : adding path '.'
2014-08-28 18:57:08,069 - ResourceCache: initialized (class org.apache.velocity.runtime.resource.ResourceCacheImpl)
2014-08-28 18:57:08,071 - Loaded System Directive: org.apache.velocity.runtime.directive.Literal
2014-08-28 18:57:08,073 - Loaded System Directive: org.apache.velocity.runtime.directive.Macro
2014-08-28 18:57:08,077 - Loaded System Directive: org.apache.velocity.runtime.directive.Parse
2014-08-28 18:57:08,081 - Loaded System Directive: org.apache.velocity.runtime.directive.Include
2014-08-28 18:57:08,083 - Loaded System Directive: org.apache.velocity.runtime.directive.Foreach
2014-08-28 18:57:08,131 - Created '20' parsers.
2014-08-28 18:57:08,143 - Velocimacro : "velocimacro.library" is not set.  Trying default library: VM_global_library.vm
2014-08-28 18:57:08,144 - KindFileResourceLoader : file loader failed to load: VM_global_library.vm
2014-08-28 18:57:08,144 - Velocimacro : adding VMs from VM library : VM_global_library.vm
2014-08-28 18:57:08,145 - KindFileResourceLoader : file loader failed to load: VM_global_library.vm
2014-08-28 18:57:08,150 - ResourceManager : found VM_global_library.vm with loader middlegen.KindFileResourceLoader
2014-08-28 18:57:08,150 - Velocimacro : allowInline = true : VMs can be defined inline in templates
2014-08-28 18:57:08,150 - Velocimacro : allowInlineToOverride = false : VMs defined inline may NOT replace previous VM definitions
2014-08-28 18:57:08,150 - Velocimacro : allowInlineLocal = false : VMs defined inline will be global in scope if allowed.
2014-08-28 18:57:08,150 - Velocimacro : autoload off : VM system will not automatically reload global library macros
2014-08-28 19:16:24,628 - Log4JLogChute initialized using file 'velocity.log'
2014-08-28 19:16:24,628 - Starting Apache Velocity v1.5 (compiled: 2007-02-22 08:52:29)
2014-08-28 19:16:24,628 - Default Properties File: org/apache/velocity/runtime/defaults/velocity.properties
2014-08-28 19:16:24,628 - Trying to use logger class middlegen.DontCloseLog4JLogSystem
2014-08-28 19:16:24,628 - Using logger class middlegen.DontCloseLog4JLogSystem
2014-08-28 19:16:24,631 - Default ResourceManager initializing. (class org.apache.velocity.runtime.resource.ResourceManagerImpl)
2014-08-28 19:16:24,638 - ResourceLoader instantiated: middlegen.KindFileResourceLoader
2014-08-28 19:16:24,640 - Do unicode file recognition:  false
2014-08-28 19:16:24,640 - FileResourceLoader : adding path '.'
2014-08-28 19:16:24,651 - ResourceCache: initialized (class org.apache.velocity.runtime.resource.ResourceCacheImpl)
2014-08-28 19:16:24,652 - Loaded System Directive: org.apache.velocity.runtime.directive.Literal
2014-08-28 19:16:24,655 - Loaded System Directive: org.apache.velocity.runtime.directive.Macro
2014-08-28 19:16:24,657 - Loaded System Directive: org.apache.velocity.runtime.directive.Parse
2014-08-28 19:16:24,659 - Loaded System Directive: org.apache.velocity.runtime.directive.Include
2014-08-28 19:16:24,660 - Loaded System Directive: org.apache.velocity.runtime.directive.Foreach
2014-08-28 19:16:24,697 - Created '20' parsers.
2014-08-28 19:16:24,709 - Velocimacro : "velocimacro.library" is not set.  Trying default library: VM_global_library.vm
2014-08-28 19:16:24,709 - KindFileResourceLoader : file loader failed to load: VM_global_library.vm
2014-08-28 19:16:24,709 - Velocimacro : adding VMs from VM library : VM_global_library.vm
2014-08-28 19:16:24,711 - KindFileResourceLoader : file loader failed to load: VM_global_library.vm
2014-08-28 19:16:24,715 - ResourceManager : found VM_global_library.vm with loader middlegen.KindFileResourceLoader
2014-08-28 19:16:24,715 - Velocimacro : allowInline = true : VMs can be defined inline in templates
2014-08-28 19:16:24,715 - Velocimacro : allowInlineToOverride = false : VMs defined inline may NOT replace previous VM definitions
2014-08-28 19:16:24,715 - Velocimacro : allowInlineLocal = false : VMs defined inline will be global in scope if allowed.
2014-08-28 19:16:24,715 - Velocimacro : autoload off : VM system will not automatically reload global library macros
2014-08-28 19:17:24,678 - Log4JLogChute initialized using file 'velocity.log'
2014-08-28 19:17:24,678 - Starting Apache Velocity v1.5 (compiled: 2007-02-22 08:52:29)
2014-08-28 19:17:24,678 - Default Properties File: org/apache/velocity/runtime/defaults/velocity.properties
2014-08-28 19:17:24,678 - Trying to use logger class middlegen.DontCloseLog4JLogSystem
2014-08-28 19:17:24,678 - Using logger class middlegen.DontCloseLog4JLogSystem
2014-08-28 19:17:24,681 - Default ResourceManager initializing. (class org.apache.velocity.runtime.resource.ResourceManagerImpl)
2014-08-28 19:17:24,689 - ResourceLoader instantiated: middlegen.KindFileResourceLoader
2014-08-28 19:17:24,690 - Do unicode file recognition:  false
2014-08-28 19:17:24,690 - FileResourceLoader : adding path '.'
2014-08-28 19:17:24,701 - ResourceCache: initialized (class org.apache.velocity.runtime.resource.ResourceCacheImpl)
2014-08-28 19:17:24,703 - Loaded System Directive: org.apache.velocity.runtime.directive.Literal
2014-08-28 19:17:24,705 - Loaded System Directive: org.apache.velocity.runtime.directive.Macro
2014-08-28 19:17:24,707 - Loaded System Directive: org.apache.velocity.runtime.directive.Parse
2014-08-28 19:17:24,710 - Loaded System Directive: org.apache.velocity.runtime.directive.Include
2014-08-28 19:17:24,711 - Loaded System Directive: org.apache.velocity.runtime.directive.Foreach
2014-08-28 19:17:24,747 - Created '20' parsers.
2014-08-28 19:17:24,758 - Velocimacro : "velocimacro.library" is not set.  Trying default library: VM_global_library.vm
2014-08-28 19:17:24,759 - KindFileResourceLoader : file loader failed to load: VM_global_library.vm
2014-08-28 19:17:24,759 - Velocimacro : adding VMs from VM library : VM_global_library.vm
2014-08-28 19:17:24,760 - KindFileResourceLoader : file loader failed to load: VM_global_library.vm
2014-08-28 19:17:24,765 - ResourceManager : found VM_global_library.vm with loader middlegen.KindFileResourceLoader
2014-08-28 19:17:24,765 - Velocimacro : allowInline = true : VMs can be defined inline in templates
2014-08-28 19:17:24,765 - Velocimacro : allowInlineToOverride = false : VMs defined inline may NOT replace previous VM definitions
2014-08-28 19:17:24,765 - Velocimacro : allowInlineLocal = false : VMs defined inline will be global in scope if allowed.
2014-08-28 19:17:24,765 - Velocimacro : autoload off : VM system will not automatically reload global library macros
2014-08-28 19:18:52,184 - Log4JLogChute initialized using file 'velocity.log'
2014-08-28 19:18:52,185 - Starting Apache Velocity v1.5 (compiled: 2007-02-22 08:52:29)
2014-08-28 19:18:52,185 - Default Properties File: org/apache/velocity/runtime/defaults/velocity.properties
2014-08-28 19:18:52,185 - Trying to use logger class middlegen.DontCloseLog4JLogSystem
2014-08-28 19:18:52,185 - Using logger class middlegen.DontCloseLog4JLogSystem
2014-08-28 19:18:52,188 - Default ResourceManager initializing. (class org.apache.velocity.runtime.resource.ResourceManagerImpl)
2014-08-28 19:18:52,196 - ResourceLoader instantiated: middlegen.KindFileResourceLoader
2014-08-28 19:18:52,199 - Do unicode file recognition:  false
2014-08-28 19:18:52,199 - FileResourceLoader : adding path '.'
2014-08-28 19:18:52,211 - ResourceCache: initialized (class org.apache.velocity.runtime.resource.ResourceCacheImpl)
2014-08-28 19:18:52,213 - Loaded System Directive: org.apache.velocity.runtime.directive.Literal
2014-08-28 19:18:52,216 - Loaded System Directive: org.apache.velocity.runtime.directive.Macro
2014-08-28 19:18:52,219 - Loaded System Directive: org.apache.velocity.runtime.directive.Parse
2014-08-28 19:18:52,223 - Loaded System Directive: org.apache.velocity.runtime.directive.Include
2014-08-28 19:18:52,226 - Loaded System Directive: org.apache.velocity.runtime.directive.Foreach
2014-08-28 19:18:52,277 - Created '20' parsers.
2014-08-28 19:18:52,291 - Velocimacro : "velocimacro.library" is not set.  Trying default library: VM_global_library.vm
2014-08-28 19:18:52,291 - KindFileResourceLoader : file loader failed to load: VM_global_library.vm
2014-08-28 19:18:52,292 - Velocimacro : adding VMs from VM library : VM_global_library.vm
2014-08-28 19:18:52,293 - KindFileResourceLoader : file loader failed to load: VM_global_library.vm
2014-08-28 19:18:52,297 - ResourceManager : found VM_global_library.vm with loader middlegen.KindFileResourceLoader
2014-08-28 19:18:52,298 - Velocimacro : allowInline = true : VMs can be defined inline in templates
2014-08-28 19:18:52,298 - Velocimacro : allowInlineToOverride = false : VMs defined inline may NOT replace previous VM definitions
2014-08-28 19:18:52,298 - Velocimacro : allowInlineLocal = false : VMs defined inline will be global in scope if allowed.
2014-08-28 19:18:52,298 - Velocimacro : autoload off : VM system will not automatically reload global library macros
2014-08-28 19:24:14,487 - Log4JLogChute initialized using file 'velocity.log'
2014-08-28 19:24:14,488 - Starting Apache Velocity v1.5 (compiled: 2007-02-22 08:52:29)
2014-08-28 19:24:14,488 - Default Properties File: org/apache/velocity/runtime/defaults/velocity.properties
2014-08-28 19:24:14,488 - Trying to use logger class middlegen.DontCloseLog4JLogSystem
2014-08-28 19:24:14,488 - Using logger class middlegen.DontCloseLog4JLogSystem
2014-08-28 19:24:14,491 - Default ResourceManager initializing. (class org.apache.velocity.runtime.resource.ResourceManagerImpl)
2014-08-28 19:24:14,499 - ResourceLoader instantiated: middlegen.KindFileResourceLoader
2014-08-28 19:24:14,501 - Do unicode file recognition:  false
2014-08-28 19:24:14,501 - FileResourceLoader : adding path '.'
2014-08-28 19:24:14,513 - ResourceCache: initialized (class org.apache.velocity.runtime.resource.ResourceCacheImpl)
2014-08-28 19:24:14,515 - Loaded System Directive: org.apache.velocity.runtime.directive.Literal
2014-08-28 19:24:14,517 - Loaded System Directive: org.apache.velocity.runtime.directive.Macro
2014-08-28 19:24:14,520 - Loaded System Directive: org.apache.velocity.runtime.directive.Parse
2014-08-28 19:24:14,524 - Loaded System Directive: org.apache.velocity.runtime.directive.Include
2014-08-28 19:24:14,527 - Loaded System Directive: org.apache.velocity.runtime.directive.Foreach
2014-08-28 19:24:14,574 - Created '20' parsers.
2014-08-28 19:24:14,587 - Velocimacro : "velocimacro.library" is not set.  Trying default library: VM_global_library.vm
2014-08-28 19:24:14,588 - KindFileResourceLoader : file loader failed to load: VM_global_library.vm
2014-08-28 19:24:14,588 - Velocimacro : adding VMs from VM library : VM_global_library.vm
2014-08-28 19:24:14,589 - KindFileResourceLoader : file loader failed to load: VM_global_library.vm
2014-08-28 19:24:14,594 - ResourceManager : found VM_global_library.vm with loader middlegen.KindFileResourceLoader
2014-08-28 19:24:14,594 - Velocimacro : allowInline = true : VMs can be defined inline in templates
2014-08-28 19:24:14,594 - Velocimacro : allowInlineToOverride = false : VMs defined inline may NOT replace previous VM definitions
2014-08-28 19:24:14,594 - Velocimacro : allowInlineLocal = false : VMs defined inline will be global in scope if allowed.
2014-08-28 19:24:14,594 - Velocimacro : autoload off : VM system will not automatically reload global library macros
2014-08-28 19:30:11,399 - Log4JLogChute initialized using file 'velocity.log'
2014-08-28 19:30:11,400 - Starting Apache Velocity v1.5 (compiled: 2007-02-22 08:52:29)
2014-08-28 19:30:11,400 - Default Properties File: org/apache/velocity/runtime/defaults/velocity.properties
2014-08-28 19:30:11,400 - Trying to use logger class middlegen.DontCloseLog4JLogSystem
2014-08-28 19:30:11,400 - Using logger class middlegen.DontCloseLog4JLogSystem
2014-08-28 19:30:11,403 - Default ResourceManager initializing. (class org.apache.velocity.runtime.resource.ResourceManagerImpl)
2014-08-28 19:30:11,412 - ResourceLoader instantiated: middlegen.KindFileResourceLoader
2014-08-28 19:30:11,414 - Do unicode file recognition:  false
2014-08-28 19:30:11,414 - FileResourceLoader : adding path '.'
2014-08-28 19:30:11,426 - ResourceCache: initialized (class org.apache.velocity.runtime.resource.ResourceCacheImpl)
2014-08-28 19:30:11,428 - Loaded System Directive: org.apache.velocity.runtime.directive.Literal
2014-08-28 19:30:11,430 - Loaded System Directive: org.apache.velocity.runtime.directive.Macro
2014-08-28 19:30:11,433 - Loaded System Directive: org.apache.velocity.runtime.directive.Parse
2014-08-28 19:30:11,437 - Loaded System Directive: org.apache.velocity.runtime.directive.Include
2014-08-28 19:30:11,440 - Loaded System Directive: org.apache.velocity.runtime.directive.Foreach
2014-08-28 19:30:11,486 - Created '20' parsers.
2014-08-28 19:30:11,500 - Velocimacro : "velocimacro.library" is not set.  Trying default library: VM_global_library.vm
2014-08-28 19:30:11,500 - KindFileResourceLoader : file loader failed to load: VM_global_library.vm
2014-08-28 19:30:11,500 - Velocimacro : adding VMs from VM library : VM_global_library.vm
2014-08-28 19:30:11,502 - KindFileResourceLoader : file loader failed to load: VM_global_library.vm
2014-08-28 19:30:11,506 - ResourceManager : found VM_global_library.vm with loader middlegen.KindFileResourceLoader
2014-08-28 19:30:11,506 - Velocimacro : allowInline = true : VMs can be defined inline in templates
2014-08-28 19:30:11,506 - Velocimacro : allowInlineToOverride = false : VMs defined inline may NOT replace previous VM definitions
2014-08-28 19:30:11,506 - Velocimacro : allowInlineLocal = false : VMs defined inline will be global in scope if allowed.
2014-08-28 19:30:11,506 - Velocimacro : autoload off : VM system will not automatically reload global library macros
2014-08-28 19:31:38,944 - Log4JLogChute initialized using file 'velocity.log'
2014-08-28 19:31:38,944 - Starting Apache Velocity v1.5 (compiled: 2007-02-22 08:52:29)
2014-08-28 19:31:38,944 - Default Properties File: org/apache/velocity/runtime/defaults/velocity.properties
2014-08-28 19:31:38,944 - Trying to use logger class middlegen.DontCloseLog4JLogSystem
2014-08-28 19:31:38,944 - Using logger class middlegen.DontCloseLog4JLogSystem
2014-08-28 19:31:38,948 - Default ResourceManager initializing. (class org.apache.velocity.runtime.resource.ResourceManagerImpl)
2014-08-28 19:31:38,955 - ResourceLoader instantiated: middlegen.KindFileResourceLoader
2014-08-28 19:31:38,957 - Do unicode file recognition:  false
2014-08-28 19:31:38,957 - FileResourceLoader : adding path '.'
2014-08-28 19:31:38,968 - ResourceCache: initialized (class org.apache.velocity.runtime.resource.ResourceCacheImpl)
2014-08-28 19:31:38,970 - Loaded System Directive: org.apache.velocity.runtime.directive.Literal
2014-08-28 19:31:38,972 - Loaded System Directive: org.apache.velocity.runtime.directive.Macro
2014-08-28 19:31:38,975 - Loaded System Directive: org.apache.velocity.runtime.directive.Parse
2014-08-28 19:31:38,978 - Loaded System Directive: org.apache.velocity.runtime.directive.Include
2014-08-28 19:31:38,980 - Loaded System Directive: org.apache.velocity.runtime.directive.Foreach
2014-08-28 19:31:39,024 - Created '20' parsers.
2014-08-28 19:31:39,036 - Velocimacro : "velocimacro.library" is not set.  Trying default library: VM_global_library.vm
2014-08-28 19:31:39,037 - KindFileResourceLoader : file loader failed to load: VM_global_library.vm
2014-08-28 19:31:39,037 - Velocimacro : adding VMs from VM library : VM_global_library.vm
2014-08-28 19:31:39,038 - KindFileResourceLoader : file loader failed to load: VM_global_library.vm
2014-08-28 19:31:39,042 - ResourceManager : found VM_global_library.vm with loader middlegen.KindFileResourceLoader
2014-08-28 19:31:39,043 - Velocimacro : allowInline = true : VMs can be defined inline in templates
2014-08-28 19:31:39,043 - Velocimacro : allowInlineToOverride = false : VMs defined inline may NOT replace previous VM definitions
2014-08-28 19:31:39,043 - Velocimacro : allowInlineLocal = false : VMs defined inline will be global in scope if allowed.
2014-08-28 19:31:39,043 - Velocimacro : autoload off : VM system will not automatically reload global library macros
2014-08-28 19:32:53,667 - Log4JLogChute initialized using file 'velocity.log'
2014-08-28 19:32:53,668 - Starting Apache Velocity v1.5 (compiled: 2007-02-22 08:52:29)
2014-08-28 19:32:53,668 - Default Properties File: org/apache/velocity/runtime/defaults/velocity.properties
2014-08-28 19:32:53,668 - Trying to use logger class middlegen.DontCloseLog4JLogSystem
2014-08-28 19:32:53,668 - Using logger class middlegen.DontCloseLog4JLogSystem
2014-08-28 19:32:53,671 - Default ResourceManager initializing. (class org.apache.velocity.runtime.resource.ResourceManagerImpl)
2014-08-28 19:32:53,678 - ResourceLoader instantiated: middlegen.KindFileResourceLoader
2014-08-28 19:32:53,680 - Do unicode file recognition:  false
2014-08-28 19:32:53,680 - FileResourceLoader : adding path '.'
2014-08-28 19:32:53,691 - ResourceCache: initialized (class org.apache.velocity.runtime.resource.ResourceCacheImpl)
2014-08-28 19:32:53,693 - Loaded System Directive: org.apache.velocity.runtime.directive.Literal
2014-08-28 19:32:53,695 - Loaded System Directive: org.apache.velocity.runtime.directive.Macro
2014-08-28 19:32:53,698 - Loaded System Directive: org.apache.velocity.runtime.directive.Parse
2014-08-28 19:32:53,701 - Loaded System Directive: org.apache.velocity.runtime.directive.Include
2014-08-28 19:32:53,704 - Loaded System Directive: org.apache.velocity.runtime.directive.Foreach
2014-08-28 19:32:53,746 - Created '20' parsers.
2014-08-28 19:32:53,758 - Velocimacro : "velocimacro.library" is not set.  Trying default library: VM_global_library.vm
2014-08-28 19:32:53,759 - KindFileResourceLoader : file loader failed to load: VM_global_library.vm
2014-08-28 19:32:53,759 - Velocimacro : adding VMs from VM library : VM_global_library.vm
2014-08-28 19:32:53,760 - KindFileResourceLoader : file loader failed to load: VM_global_library.vm
2014-08-28 19:32:53,765 - ResourceManager : found VM_global_library.vm with loader middlegen.KindFileResourceLoader
2014-08-28 19:32:53,765 - Velocimacro : allowInline = true : VMs can be defined inline in templates
2014-08-28 19:32:53,765 - Velocimacro : allowInlineToOverride = false : VMs defined inline may NOT replace previous VM definitions
2014-08-28 19:32:53,765 - Velocimacro : allowInlineLocal = false : VMs defined inline will be global in scope if allowed.
2014-08-28 19:32:53,765 - Velocimacro : autoload off : VM system will not automatically reload global library macros
2014-08-28 19:34:22,718 - Log4JLogChute initialized using file 'velocity.log'
2014-08-28 19:34:22,719 - Starting Apache Velocity v1.5 (compiled: 2007-02-22 08:52:29)
2014-08-28 19:34:22,719 - Default Properties File: org/apache/velocity/runtime/defaults/velocity.properties
2014-08-28 19:34:22,719 - Trying to use logger class middlegen.DontCloseLog4JLogSystem
2014-08-28 19:34:22,719 - Using logger class middlegen.DontCloseLog4JLogSystem
2014-08-28 19:34:22,722 - Default ResourceManager initializing. (class org.apache.velocity.runtime.resource.ResourceManagerImpl)
2014-08-28 19:34:22,730 - ResourceLoader instantiated: middlegen.KindFileResourceLoader
2014-08-28 19:34:22,732 - Do unicode file recognition:  false
2014-08-28 19:34:22,732 - FileResourceLoader : adding path '.'
2014-08-28 19:34:22,743 - ResourceCache: initialized (class org.apache.velocity.runtime.resource.ResourceCacheImpl)
2014-08-28 19:34:22,745 - Loaded System Directive: org.apache.velocity.runtime.directive.Literal
2014-08-28 19:34:22,748 - Loaded System Directive: org.apache.velocity.runtime.directive.Macro
2014-08-28 19:34:22,751 - Loaded System Directive: org.apache.velocity.runtime.directive.Parse
2014-08-28 19:34:22,755 - Loaded System Directive: org.apache.velocity.runtime.directive.Include
2014-08-28 19:34:22,757 - Loaded System Directive: org.apache.velocity.runtime.directive.Foreach
2014-08-28 19:34:22,803 - Created '20' parsers.
2014-08-28 19:34:22,814 - Velocimacro : "velocimacro.library" is not set.  Trying default library: VM_global_library.vm
2014-08-28 19:34:22,814 - KindFileResourceLoader : file loader failed to load: VM_global_library.vm
2014-08-28 19:34:22,815 - Velocimacro : adding VMs from VM library : VM_global_library.vm
2014-08-28 19:34:22,816 - KindFileResourceLoader : file loader failed to load: VM_global_library.vm
2014-08-28 19:34:22,820 - ResourceManager : found VM_global_library.vm with loader middlegen.KindFileResourceLoader
2014-08-28 19:34:22,820 - Velocimacro : allowInline = true : VMs can be defined inline in templates
2014-08-28 19:34:22,820 - Velocimacro : allowInlineToOverride = false : VMs defined inline may NOT replace previous VM definitions
2014-08-28 19:34:22,820 - Velocimacro : allowInlineLocal = false : VMs defined inline will be global in scope if allowed.
2014-08-28 19:34:22,820 - Velocimacro : autoload off : VM system will not automatically reload global library macros
